# JRE version: OpenJDK Runtime Environment (8.0_121-b13) (build 1.8.0_121-8u121-b13-0ubuntu1.16.04.2-b13)
# Java VM: OpenJDK 64-Bit Server VM (25.121-b13 mixed mode linux-amd64 compressed oops)
Heap:
 PSYoungGen      total 558592K, used 0K [0x00000000d6d80000, 0x00000000ff780000, 0x0000000100000000)
  eden space 463360K, 0% used [0x00000000d6d80000,0x00000000d6d80000,0x00000000f3200000)
  from space 95232K, 0% used [0x00000000f3200000,0x00000000f3200000,0x00000000f8f00000)
  to   space 100352K, 0% used [0x00000000f9580000,0x00000000f9580000,0x00000000ff780000)
 ParOldGen       total 1101824K, used 1089238K [0x0000000084800000, 0x00000000c7c00000, 0x00000000d6d80000)
  object space 1101824K, 98% used [0x0000000084800000,0x00000000c6fb5970,0x00000000c7c00000)
 Metaspace       used 198022K, capacity 207340K, committed 209048K, reserved 1239040K
  class space    used 18081K, capacity 19794K, committed 20144K, reserved 1048576K
GC Heap History (10 events):
Event: 20765,329 GC heap after
Heap after GC invocations=295 (full 26):
 PSYoungGen      total 557568K, used 71150K [0x00000000d6d80000, 0x00000000fee00000, 0x0000000100000000)
  eden space 459264K, 0% used [0x00000000d6d80000,0x00000000d6d80000,0x00000000f2e00000)
  from space 98304K, 72% used [0x00000000f2e00000,0x00000000f737bb58,0x00000000f8e00000)
  to   space 96256K, 0% used [0x00000000f9000000,0x00000000f9000000,0x00000000fee00000)
 ParOldGen       total 1101824K, used 1052368K [0x0000000084800000, 0x00000000c7c00000, 0x00000000d6d80000)
  object space 1101824K, 95% used [0x0000000084800000,0x00000000c4bb4230,0x00000000c7c00000)
 Metaspace       used 198799K, capacity 208766K, committed 209048K, reserved 1239040K
  class space    used 18209K, capacity 20033K, committed 20144K, reserved 1048576K
}
Event: 20920,981 GC heap before
{Heap before GC invocations=296 (full 26):
 PSYoungGen      total 557568K, used 530414K [0x00000000d6d80000, 0x00000000fee00000, 0x0000000100000000)
  eden space 459264K, 100% used [0x00000000d6d80000,0x00000000f2e00000,0x00000000f2e00000)
  from space 98304K, 72% used [0x00000000f2e00000,0x00000000f737bb58,0x00000000f8e00000)
  to   space 96256K, 0% used [0x00000000f9000000,0x00000000f9000000,0x00000000fee00000)
 ParOldGen       total 1101824K, used 1052368K [0x0000000084800000, 0x00000000c7c00000, 0x00000000d6d80000)
  object space 1101824K, 95% used [0x0000000084800000,0x00000000c4bb4230,0x00000000c7c00000)
 Metaspace       used 198799K, capacity 208766K, committed 209048K, reserved 1239040K
  class space    used 18209K, capacity 20033K, committed 20144K, reserved 1048576K
Event: 20921,025 GC heap after
Heap after GC invocations=296 (full 26):
 PSYoungGen      total 554496K, used 63470K [0x00000000d6d80000, 0x00000000fea00000, 0x0000000100000000)
  eden space 462336K, 0% used [0x00000000d6d80000,0x00000000d6d80000,0x00000000f3100000)
  from space 92160K, 68% used [0x00000000f9000000,0x00000000fcdfbb38,0x00000000fea00000)
  to   space 94720K, 0% used [0x00000000f3100000,0x00000000f3100000,0x00000000f8d80000)
 ParOldGen       total 1101824K, used 1052368K [0x0000000084800000, 0x00000000c7c00000, 0x00000000d6d80000)
  object space 1101824K, 95% used [0x0000000084800000,0x00000000c4bb4230,0x00000000c7c00000)
 Metaspace       used 198799K, capacity 208766K, committed 209048K, reserved 1239040K
  class space    used 18209K, capacity 20033K, committed 20144K, reserved 1048576K
}
Event: 21077,697 GC heap before
{Heap before GC invocations=297 (full 26):
 PSYoungGen      total 554496K, used 525806K [0x00000000d6d80000, 0x00000000fea00000, 0x0000000100000000)
  eden space 462336K, 100% used [0x00000000d6d80000,0x00000000f3100000,0x00000000f3100000)
  from space 92160K, 68% used [0x00000000f9000000,0x00000000fcdfbb38,0x00000000fea00000)
  to   space 94720K, 0% used [0x00000000f3100000,0x00000000f3100000,0x00000000f8d80000)
 ParOldGen       total 1101824K, used 1052368K [0x0000000084800000, 0x00000000c7c00000, 0x00000000d6d80000)
  object space 1101824K, 95% used [0x0000000084800000,0x00000000c4bb4230,0x00000000c7c00000)
 Metaspace       used 198799K, capacity 208766K, committed 209048K, reserved 1239040K
  class space    used 18209K, capacity 20033K, committed 20144K, reserved 1048576K
Event: 21077,745 GC heap after
Heap after GC invocations=297 (full 26):
 PSYoungGen      total 557056K, used 58865K [0x00000000d6d80000, 0x00000000fea80000, 0x0000000100000000)
  eden space 462336K, 0% used [0x00000000d6d80000,0x00000000d6d80000,0x00000000f3100000)
  from space 94720K, 62% used [0x00000000f3100000,0x00000000f6a7c4f0,0x00000000f8d80000)
  to   space 93696K, 0% used [0x00000000f8f00000,0x00000000f8f00000,0x00000000fea80000)
 ParOldGen       total 1101824K, used 1056956K [0x0000000084800000, 0x00000000c7c00000, 0x00000000d6d80000)
  object space 1101824K, 95% used [0x0000000084800000,0x00000000c502f240,0x00000000c7c00000)
 Metaspace       used 198799K, capacity 208766K, committed 209048K, reserved 1239040K
  class space    used 18209K, capacity 20033K, committed 20144K, reserved 1048576K
}
Event: 21234,428 GC heap before
{Heap before GC invocations=298 (full 26):
 PSYoungGen      total 557056K, used 521201K [0x00000000d6d80000, 0x00000000fea80000, 0x0000000100000000)
  eden space 462336K, 100% used [0x00000000d6d80000,0x00000000f3100000,0x00000000f3100000)
  from space 94720K, 62% used [0x00000000f3100000,0x00000000f6a7c4f0,0x00000000f8d80000)
  to   space 93696K, 0% used [0x00000000f8f00000,0x00000000f8f00000,0x00000000fea80000)
 ParOldGen       total 1101824K, used 1056956K [0x0000000084800000, 0x00000000c7c00000, 0x00000000d6d80000)
  object space 1101824K, 95% used [0x0000000084800000,0x00000000c502f240,0x00000000c7c00000)
 Metaspace       used 198799K, capacity 208766K, committed 209048K, reserved 1239040K
  class space    used 18209K, capacity 20033K, committed 20144K, reserved 1048576K
Event: 21234,472 GC heap after
Heap after GC invocations=298 (full 26):
 PSYoungGen      total 557056K, used 45440K [0x00000000d6d80000, 0x00000000fed00000, 0x0000000100000000)
  eden space 463360K, 0% used [0x00000000d6d80000,0x00000000d6d80000,0x00000000f3200000)
  from space 93696K, 48% used [0x00000000f8f00000,0x00000000fbb60230,0x00000000fea80000)
  to   space 95232K, 0% used [0x00000000f3200000,0x00000000f3200000,0x00000000f8f00000)
 ParOldGen       total 1101824K, used 1070348K [0x0000000084800000, 0x00000000c7c00000, 0x00000000d6d80000)
  object space 1101824K, 97% used [0x0000000084800000,0x00000000c5d433f0,0x00000000c7c00000)
 Metaspace       used 198799K, capacity 208766K, committed 209048K, reserved 1239040K
  class space    used 18209K, capacity 20033K, committed 20144K, reserved 1048576K
}
Event: 21391,864 GC heap before
{Heap before GC invocations=299 (full 26):
 PSYoungGen      total 557056K, used 508800K [0x00000000d6d80000, 0x00000000fed00000, 0x0000000100000000)
  eden space 463360K, 100% used [0x00000000d6d80000,0x00000000f3200000,0x00000000f3200000)
  from space 93696K, 48% used [0x00000000f8f00000,0x00000000fbb60230,0x00000000fea80000)
  to   space 95232K, 0% used [0x00000000f3200000,0x00000000f3200000,0x00000000f8f00000)
 ParOldGen       total 1101824K, used 1070348K [0x0000000084800000, 0x00000000c7c00000, 0x00000000d6d80000)
  object space 1101824K, 97% used [0x0000000084800000,0x00000000c5d433f0,0x00000000c7c00000)
 Metaspace       used 198799K, capacity 208766K, committed 209048K, reserved 1239040K
  class space    used 18209K, capacity 20033K, committed 20144K, reserved 1048576K
Event: 21391,917 GC heap after
Heap after GC invocations=299 (full 26):
 PSYoungGen      total 558592K, used 17571K [0x00000000d6d80000, 0x00000000ff780000, 0x0000000100000000)
  eden space 463360K, 0% used [0x00000000d6d80000,0x00000000d6d80000,0x00000000f3200000)
  from space 95232K, 18% used [0x00000000f3200000,0x00000000f4328f48,0x00000000f8f00000)
  to   space 100352K, 0% used [0x00000000f9580000,0x00000000f9580000,0x00000000ff780000)
 ParOldGen       total 1101824K, used 1098192K [0x0000000084800000, 0x00000000c7c00000, 0x00000000d6d80000)
  object space 1101824K, 99% used [0x0000000084800000,0x00000000c78740f8,0x00000000c7c00000)
 Metaspace       used 198799K, capacity 208766K, committed 209048K, reserved 1239040K
  class space    used 18209K, capacity 20033K, committed 20144K, reserved 1048576K
}
Event: 21391,917 GC heap before
{Heap before GC invocations=300 (full 27):
 PSYoungGen      total 558592K, used 17571K [0x00000000d6d80000, 0x00000000ff780000, 0x0000000100000000)
  eden space 463360K, 0% used [0x00000000d6d80000,0x00000000d6d80000,0x00000000f3200000)
  from space 95232K, 18% used [0x00000000f3200000,0x00000000f4328f48,0x00000000f8f00000)
  to   space 100352K, 0% used [0x00000000f9580000,0x00000000f9580000,0x00000000ff780000)
 ParOldGen       total 1101824K, used 1098192K [0x0000000084800000, 0x00000000c7c00000, 0x00000000d6d80000)
  object space 1101824K, 99% used [0x0000000084800000,0x00000000c78740f8,0x00000000c7c00000)
 Metaspace       used 198799K, capacity 208766K, committed 209048K, reserved 1239040K
  class space    used 18209K, capacity 20033K, committed 20144K, reserved 1048576K

