# JRE version: Java(TM) SE Runtime Environment (8.0_101-b13) (build 1.8.0_101-b13)
# Java VM: Java HotSpot(TM) 64-Bit Server VM (25.101-b13 mixed mode windows-amd64 compressed oops)
Heap:
 PSYoungGen      total 649728K, used 25344K [0x00000000d5c00000, 0x0000000100000000, 0x0000000100000000)
  eden space 607232K, 0% used [0x00000000d5c00000,0x00000000d5c00000,0x00000000fad00000)
  from space 42496K, 59% used [0x00000000fad00000,0x00000000fc5c0020,0x00000000fd680000)
  to   space 42496K, 0% used [0x00000000fd680000,0x00000000fd680000,0x0000000100000000)
 ParOldGen       total 189440K, used 80915K [0x0000000081400000, 0x000000008cd00000, 0x00000000d5c00000)
  object space 189440K, 42% used [0x0000000081400000,0x0000000086304c40,0x000000008cd00000)
 Metaspace       used 70276K, capacity 71264K, committed 71552K, reserved 1112064K
  class space    used 8827K, capacity 9072K, committed 9088K, reserved 1048576K
GC Heap History (10 events):
Event: 24.865 GC heap after
Heap after GC invocations=18 (full 3):
 PSYoungGen      total 477184K, used 19692K [0x00000000d5c00000, 0x00000000fc280000, 0x0000000100000000)
  eden space 443392K, 0% used [0x00000000d5c00000,0x00000000d5c00000,0x00000000f0d00000)
  from space 33792K, 58% used [0x00000000f0d00000,0x00000000f203b0f8,0x00000000f2e00000)
  to   space 33792K, 0% used [0x00000000fa180000,0x00000000fa180000,0x00000000fc280000)
 ParOldGen       total 189440K, used 80891K [0x0000000081400000, 0x000000008cd00000, 0x00000000d5c00000)
  object space 189440K, 42% used [0x0000000081400000,0x00000000862fec40,0x000000008cd00000)
 Metaspace       used 62758K, capacity 63632K, committed 64128K, reserved 1105920K
  class space    used 7817K, capacity 7999K, committed 8064K, reserved 1048576K
}
Event: 27.231 GC heap before
{Heap before GC invocations=19 (full 3):
 PSYoungGen      total 477184K, used 463084K [0x00000000d5c00000, 0x00000000fc280000, 0x0000000100000000)
  eden space 443392K, 100% used [0x00000000d5c00000,0x00000000f0d00000,0x00000000f0d00000)
  from space 33792K, 58% used [0x00000000f0d00000,0x00000000f203b0f8,0x00000000f2e00000)
  to   space 33792K, 0% used [0x00000000fa180000,0x00000000fa180000,0x00000000fc280000)
 ParOldGen       total 189440K, used 80891K [0x0000000081400000, 0x000000008cd00000, 0x00000000d5c00000)
  object space 189440K, 42% used [0x0000000081400000,0x00000000862fec40,0x000000008cd00000)
 Metaspace       used 67740K, capacity 68726K, committed 69248K, reserved 1110016K
  class space    used 8541K, capacity 8796K, committed 8832K, reserved 1048576K
Event: 27.276 GC heap after
Heap after GC invocations=19 (full 3):
 PSYoungGen      total 590848K, used 31500K [0x00000000d5c00000, 0x00000000fce80000, 0x0000000100000000)
  eden space 557056K, 0% used [0x00000000d5c00000,0x00000000d5c00000,0x00000000f7c00000)
  from space 33792K, 93% used [0x00000000fa180000,0x00000000fc043030,0x00000000fc280000)
  to   space 38400K, 0% used [0x00000000f7c00000,0x00000000f7c00000,0x00000000fa180000)
 ParOldGen       total 189440K, used 80899K [0x0000000081400000, 0x000000008cd00000, 0x00000000d5c00000)
  object space 189440K, 42% used [0x0000000081400000,0x0000000086300c40,0x000000008cd00000)
 Metaspace       used 67740K, capacity 68726K, committed 69248K, reserved 1110016K
  class space    used 8541K, capacity 8796K, committed 8832K, reserved 1048576K
}
Event: 29.818 GC heap before
{Heap before GC invocations=20 (full 3):
 PSYoungGen      total 590848K, used 588556K [0x00000000d5c00000, 0x00000000fce80000, 0x0000000100000000)
  eden space 557056K, 100% used [0x00000000d5c00000,0x00000000f7c00000,0x00000000f7c00000)
  from space 33792K, 93% used [0x00000000fa180000,0x00000000fc043030,0x00000000fc280000)
  to   space 38400K, 0% used [0x00000000f7c00000,0x00000000f7c00000,0x00000000fa180000)
 ParOldGen       total 189440K, used 80899K [0x0000000081400000, 0x000000008cd00000, 0x00000000d5c00000)
  object space 189440K, 42% used [0x0000000081400000,0x0000000086300c40,0x000000008cd00000)
 Metaspace       used 69187K, capacity 70212K, committed 70656K, reserved 1112064K
  class space    used 8700K, capacity 8937K, committed 8960K, reserved 1048576K
Event: 29.844 GC heap after
Heap after GC invocations=20 (full 3):
 PSYoungGen      total 595456K, used 30635K [0x00000000d5c00000, 0x0000000100000000, 0x0000000100000000)
  eden space 557056K, 0% used [0x00000000d5c00000,0x00000000d5c00000,0x00000000f7c00000)
  from space 38400K, 79% used [0x00000000f7c00000,0x00000000f99eaef8,0x00000000fa180000)
  to   space 41472K, 0% used [0x00000000fd780000,0x00000000fd780000,0x0000000100000000)
 ParOldGen       total 189440K, used 80907K [0x0000000081400000, 0x000000008cd00000, 0x00000000d5c00000)
  object space 189440K, 42% used [0x0000000081400000,0x0000000086302c40,0x000000008cd00000)
 Metaspace       used 69187K, capacity 70212K, committed 70656K, reserved 1112064K
  class space    used 8700K, capacity 8937K, committed 8960K, reserved 1048576K
}
Event: 113.203 GC heap before
{Heap before GC invocations=21 (full 3):
 PSYoungGen      total 595456K, used 587691K [0x00000000d5c00000, 0x0000000100000000, 0x0000000100000000)
  eden space 557056K, 100% used [0x00000000d5c00000,0x00000000f7c00000,0x00000000f7c00000)
  from space 38400K, 79% used [0x00000000f7c00000,0x00000000f99eaef8,0x00000000fa180000)
  to   space 41472K, 0% used [0x00000000fd780000,0x00000000fd780000,0x0000000100000000)
 ParOldGen       total 189440K, used 80907K [0x0000000081400000, 0x000000008cd00000, 0x00000000d5c00000)
  object space 189440K, 42% used [0x0000000081400000,0x0000000086302c40,0x000000008cd00000)
 Metaspace       used 70174K, capacity 71182K, committed 71552K, reserved 1112064K
  class space    used 8813K, capacity 9068K, committed 9088K, reserved 1048576K
Event: 113.227 GC heap after
Heap after GC invocations=21 (full 3):
 PSYoungGen      total 648704K, used 26951K [0x00000000d5c00000, 0x0000000100000000, 0x0000000100000000)
  eden space 607232K, 0% used [0x00000000d5c00000,0x00000000d5c00000,0x00000000fad00000)
  from space 41472K, 64% used [0x00000000fd780000,0x00000000ff1d1e50,0x0000000100000000)
  to   space 42496K, 0% used [0x00000000fad00000,0x00000000fad00000,0x00000000fd680000)
 ParOldGen       total 189440K, used 80907K [0x0000000081400000, 0x000000008cd00000, 0x00000000d5c00000)
  object space 189440K, 42% used [0x0000000081400000,0x0000000086302c40,0x000000008cd00000)
 Metaspace       used 70174K, capacity 71182K, committed 71552K, reserved 1112064K
  class space    used 8813K, capacity 9068K, committed 9088K, reserved 1048576K
}
Event: 113.437 GC heap before
{Heap before GC invocations=22 (full 3):
 PSYoungGen      total 648704K, used 406109K [0x00000000d5c00000, 0x0000000100000000, 0x0000000100000000)
  eden space 607232K, 62% used [0x00000000d5c00000,0x00000000ece45968,0x00000000fad00000)
  from space 41472K, 64% used [0x00000000fd780000,0x00000000ff1d1e50,0x0000000100000000)
  to   space 42496K, 0% used [0x00000000fad00000,0x00000000fad00000,0x00000000fd680000)
 ParOldGen       total 189440K, used 80907K [0x0000000081400000, 0x000000008cd00000, 0x00000000d5c00000)
  object space 189440K, 42% used [0x0000000081400000,0x0000000086302c40,0x000000008cd00000)
 Metaspace       used 70276K, capacity 71264K, committed 71552K, reserved 1112064K
  class space    used 8827K, capacity 9072K, committed 9088K, reserved 1048576K
Event: 113.453 GC heap after
Heap after GC invocations=22 (full 3):
 PSYoungGen      total 649728K, used 25344K [0x00000000d5c00000, 0x0000000100000000, 0x0000000100000000)
  eden space 607232K, 0% used [0x00000000d5c00000,0x00000000d5c00000,0x00000000fad00000)
  from space 42496K, 59% used [0x00000000fad00000,0x00000000fc5c0020,0x00000000fd680000)
  to   space 42496K, 0% used [0x00000000fd680000,0x00000000fd680000,0x0000000100000000)
 ParOldGen       total 189440K, used 80915K [0x0000000081400000, 0x000000008cd00000, 0x00000000d5c00000)
  object space 189440K, 42% used [0x0000000081400000,0x0000000086304c40,0x000000008cd00000)
 Metaspace       used 70276K, capacity 71264K, committed 71552K, reserved 1112064K
  class space    used 8827K, capacity 9072K, committed 9088K, reserved 1048576K
}
Event: 113.453 GC heap before
{Heap before GC invocations=23 (full 4):
 PSYoungGen      total 649728K, used 25344K [0x00000000d5c00000, 0x0000000100000000, 0x0000000100000000)
  eden space 607232K, 0% used [0x00000000d5c00000,0x00000000d5c00000,0x00000000fad00000)
  from space 42496K, 59% used [0x00000000fad00000,0x00000000fc5c0020,0x00000000fd680000)
  to   space 42496K, 0% used [0x00000000fd680000,0x00000000fd680000,0x0000000100000000)
 ParOldGen       total 189440K, used 80915K [0x0000000081400000, 0x000000008cd00000, 0x00000000d5c00000)
  object space 189440K, 42% used [0x0000000081400000,0x0000000086304c40,0x000000008cd00000)
 Metaspace       used 70276K, capacity 71264K, committed 71552K, reserved 1112064K
  class space    used 8827K, capacity 9072K, committed 9088K, reserved 1048576K

