# JRE version: OpenJDK Runtime Environment (8.0_121-b13) (build 1.8.0_121-8u121-b13-0ubuntu1.16.04.2-b13)
# Java VM: OpenJDK 64-Bit Server VM (25.121-b13 mixed mode linux-amd64 compressed oops)
Heap:
 PSYoungGen      total 268288K, used 10107K [0x00000000d6d80000, 0x00000000e8280000, 0x0000000100000000)
  eden space 253440K, 0% used [0x00000000d6d80000,0x00000000d6d80000,0x00000000e6500000)
  from space 14848K, 68% used [0x00000000e6500000,0x00000000e6edefb0,0x00000000e7380000)
  to   space 14336K, 0% used [0x00000000e7380000,0x00000000e7380000,0x00000000e8180000)
 ParOldGen       total 61440K, used 14527K [0x0000000084800000, 0x0000000088400000, 0x00000000d6d80000)
  object space 61440K, 23% used [0x0000000084800000,0x000000008562fe18,0x0000000088400000)
 Metaspace       used 23359K, capacity 23760K, committed 24064K, reserved 1071104K
  class space    used 2715K, capacity 2816K, committed 2816K, reserved 1048576K
GC Heap History (10 events):
Event: 1,785 GC heap after
Heap after GC invocations=3 (full 0):
 PSYoungGen      total 68608K, used 5096K [0x00000000d6d80000, 0x00000000df380000, 0x0000000100000000)
  eden space 63488K, 0% used [0x00000000d6d80000,0x00000000d6d80000,0x00000000dab80000)
  from space 5120K, 99% used [0x00000000dab80000,0x00000000db07a0a0,0x00000000db080000)
  to   space 5120K, 0% used [0x00000000dee80000,0x00000000dee80000,0x00000000df380000)
 ParOldGen       total 84992K, used 3730K [0x0000000084800000, 0x0000000089b00000, 0x00000000d6d80000)
  object space 84992K, 4% used [0x0000000084800000,0x0000000084ba4af8,0x0000000089b00000)
 Metaspace       used 10315K, capacity 10488K, committed 10496K, reserved 1058816K
  class space    used 1231K, capacity 1273K, committed 1280K, reserved 1048576K
}
Event: 2,488 GC heap before
{Heap before GC invocations=4 (full 0):
 PSYoungGen      total 68608K, used 68584K [0x00000000d6d80000, 0x00000000df380000, 0x0000000100000000)
  eden space 63488K, 100% used [0x00000000d6d80000,0x00000000dab80000,0x00000000dab80000)
  from space 5120K, 99% used [0x00000000dab80000,0x00000000db07a0a0,0x00000000db080000)
  to   space 5120K, 0% used [0x00000000dee80000,0x00000000dee80000,0x00000000df380000)
 ParOldGen       total 84992K, used 3730K [0x0000000084800000, 0x0000000089b00000, 0x00000000d6d80000)
  object space 84992K, 4% used [0x0000000084800000,0x0000000084ba4af8,0x0000000089b00000)
 Metaspace       used 16712K, capacity 17022K, committed 17280K, reserved 1064960K
  class space    used 1966K, capacity 2077K, committed 2176K, reserved 1048576K
Event: 2,510 GC heap after
Heap after GC invocations=4 (full 0):
 PSYoungGen      total 132096K, used 5094K [0x00000000d6d80000, 0x00000000df380000, 0x0000000100000000)
  eden space 126976K, 0% used [0x00000000d6d80000,0x00000000d6d80000,0x00000000de980000)
  from space 5120K, 99% used [0x00000000dee80000,0x00000000df3798f8,0x00000000df380000)
  to   space 5120K, 0% used [0x00000000de980000,0x00000000de980000,0x00000000dee80000)
 ParOldGen       total 84992K, used 7620K [0x0000000084800000, 0x0000000089b00000, 0x00000000d6d80000)
  object space 84992K, 8% used [0x0000000084800000,0x0000000084f71318,0x0000000089b00000)
 Metaspace       used 16712K, capacity 17022K, committed 17280K, reserved 1064960K
  class space    used 1966K, capacity 2077K, committed 2176K, reserved 1048576K
}
Event: 4,018 GC heap before
{Heap before GC invocations=5 (full 0):
 PSYoungGen      total 132096K, used 132070K [0x00000000d6d80000, 0x00000000df380000, 0x0000000100000000)
  eden space 126976K, 100% used [0x00000000d6d80000,0x00000000de980000,0x00000000de980000)
  from space 5120K, 99% used [0x00000000dee80000,0x00000000df3798f8,0x00000000df380000)
  to   space 5120K, 0% used [0x00000000de980000,0x00000000de980000,0x00000000dee80000)
 ParOldGen       total 84992K, used 7620K [0x0000000084800000, 0x0000000089b00000, 0x00000000d6d80000)
  object space 84992K, 8% used [0x0000000084800000,0x0000000084f71318,0x0000000089b00000)
 Metaspace       used 19983K, capacity 20392K, committed 20736K, reserved 1067008K
  class space    used 2344K, capacity 2452K, committed 2560K, reserved 1048576K
Event: 4,128 GC heap after
Heap after GC invocations=5 (full 0):
 PSYoungGen      total 132096K, used 5106K [0x00000000d6d80000, 0x00000000e8180000, 0x0000000100000000)
  eden space 126976K, 0% used [0x00000000d6d80000,0x00000000d6d80000,0x00000000de980000)
  from space 5120K, 99% used [0x00000000de980000,0x00000000dee7ca00,0x00000000dee80000)
  to   space 14336K, 0% used [0x00000000e7380000,0x00000000e7380000,0x00000000e8180000)
 ParOldGen       total 84992K, used 14018K [0x0000000084800000, 0x0000000089b00000, 0x00000000d6d80000)
  object space 84992K, 16% used [0x0000000084800000,0x00000000855b0a90,0x0000000089b00000)
 Metaspace       used 19983K, capacity 20392K, committed 20736K, reserved 1067008K
  class space    used 2344K, capacity 2452K, committed 2560K, reserved 1048576K
}
Event: 5,257 GC heap before
{Heap before GC invocations=6 (full 0):
 PSYoungGen      total 132096K, used 90753K [0x00000000d6d80000, 0x00000000e8180000, 0x0000000100000000)
  eden space 126976K, 67% used [0x00000000d6d80000,0x00000000dc123d38,0x00000000de980000)
  from space 5120K, 99% used [0x00000000de980000,0x00000000dee7ca00,0x00000000dee80000)
  to   space 14336K, 0% used [0x00000000e7380000,0x00000000e7380000,0x00000000e8180000)
 ParOldGen       total 84992K, used 14018K [0x0000000084800000, 0x0000000089b00000, 0x00000000d6d80000)
  object space 84992K, 16% used [0x0000000084800000,0x00000000855b0a90,0x0000000089b00000)
 Metaspace       used 20812K, capacity 21146K, committed 21248K, reserved 1069056K
  class space    used 2453K, capacity 2551K, committed 2560K, reserved 1048576K
Event: 5,320 GC heap after
Heap after GC invocations=6 (full 0):
 PSYoungGen      total 267776K, used 9807K [0x00000000d6d80000, 0x00000000e8280000, 0x0000000100000000)
  eden space 253440K, 0% used [0x00000000d6d80000,0x00000000d6d80000,0x00000000e6500000)
  from space 14336K, 68% used [0x00000000e7380000,0x00000000e7d13dd0,0x00000000e8180000)
  to   space 14848K, 0% used [0x00000000e6500000,0x00000000e6500000,0x00000000e7380000)
 ParOldGen       total 84992K, used 14026K [0x0000000084800000, 0x0000000089b00000, 0x00000000d6d80000)
  object space 84992K, 16% used [0x0000000084800000,0x00000000855b2a90,0x0000000089b00000)
 Metaspace       used 20812K, capacity 21146K, committed 21248K, reserved 1069056K
  class space    used 2453K, capacity 2551K, committed 2560K, reserved 1048576K
}
Event: 5,320 GC heap before
{Heap before GC invocations=7 (full 1):
 PSYoungGen      total 267776K, used 9807K [0x00000000d6d80000, 0x00000000e8280000, 0x0000000100000000)
  eden space 253440K, 0% used [0x00000000d6d80000,0x00000000d6d80000,0x00000000e6500000)
  from space 14336K, 68% used [0x00000000e7380000,0x00000000e7d13dd0,0x00000000e8180000)
  to   space 14848K, 0% used [0x00000000e6500000,0x00000000e6500000,0x00000000e7380000)
 ParOldGen       total 84992K, used 14026K [0x0000000084800000, 0x0000000089b00000, 0x00000000d6d80000)
  object space 84992K, 16% used [0x0000000084800000,0x00000000855b2a90,0x0000000089b00000)
 Metaspace       used 20812K, capacity 21146K, committed 21248K, reserved 1069056K
  class space    used 2453K, capacity 2551K, committed 2560K, reserved 1048576K
Event: 5,432 GC heap after
Heap after GC invocations=7 (full 1):
 PSYoungGen      total 267776K, used 0K [0x00000000d6d80000, 0x00000000e8280000, 0x0000000100000000)
  eden space 253440K, 0% used [0x00000000d6d80000,0x00000000d6d80000,0x00000000e6500000)
  from space 14336K, 0% used [0x00000000e7380000,0x00000000e7380000,0x00000000e8180000)
  to   space 14848K, 0% used [0x00000000e6500000,0x00000000e6500000,0x00000000e7380000)
 ParOldGen       total 61440K, used 14527K [0x0000000084800000, 0x0000000088400000, 0x00000000d6d80000)
  object space 61440K, 23% used [0x0000000084800000,0x000000008562fe18,0x0000000088400000)
 Metaspace       used 20812K, capacity 21146K, committed 21248K, reserved 1069056K
  class space    used 2453K, capacity 2551K, committed 2560K, reserved 1048576K
}
Event: 7,246 GC heap before
{Heap before GC invocations=8 (full 1):
 PSYoungGen      total 267776K, used 253440K [0x00000000d6d80000, 0x00000000e8280000, 0x0000000100000000)
  eden space 253440K, 100% used [0x00000000d6d80000,0x00000000e6500000,0x00000000e6500000)
  from space 14336K, 0% used [0x00000000e7380000,0x00000000e7380000,0x00000000e8180000)
  to   space 14848K, 0% used [0x00000000e6500000,0x00000000e6500000,0x00000000e7380000)
 ParOldGen       total 61440K, used 14527K [0x0000000084800000, 0x0000000088400000, 0x00000000d6d80000)
  object space 61440K, 23% used [0x0000000084800000,0x000000008562fe18,0x0000000088400000)
 Metaspace       used 23359K, capacity 23760K, committed 24064K, reserved 1071104K
  class space    used 2715K, capacity 2816K, committed 2816K, reserved 1048576K

