# JRE version: Java(TM) SE Runtime Environment (8.0_101-b13) (build 1.8.0_101-b13)
# Java VM: Java HotSpot(TM) 64-Bit Server VM (25.101-b13 mixed mode windows-amd64 compressed oops)
Heap:
 PSYoungGen      total 579072K, used 484352K [0x00000000d5c00000, 0x00000000ff500000, 0x0000000100000000)
  eden space 484352K, 100% used [0x00000000d5c00000,0x00000000f3500000,0x00000000f3500000)
  from space 94720K, 0% used [0x00000000f9880000,0x00000000f9880000,0x00000000ff500000)
  to   space 98304K, 0% used [0x00000000f3500000,0x00000000f3500000,0x00000000f9500000)
 ParOldGen       total 1384448K, used 1384020K [0x0000000081400000, 0x00000000d5c00000, 0x00000000d5c00000)
  object space 1384448K, 99% used [0x0000000081400000,0x00000000d5b95000,0x00000000d5c00000)
 Metaspace       used 265746K, capacity 275074K, committed 275224K, reserved 1298432K
  class space    used 23792K, capacity 26143K, committed 26152K, reserved 1048576K
GC Heap History (10 events):
Event: 7927.282 GC heap after
Heap after GC invocations=332 (full 144):
 PSYoungGen      total 579072K, used 382538K [0x00000000d5c00000, 0x00000000ff500000, 0x0000000100000000)
  eden space 484352K, 78% used [0x00000000d5c00000,0x00000000ed192940,0x00000000f3500000)
  from space 94720K, 0% used [0x00000000f9880000,0x00000000f9880000,0x00000000ff500000)
  to   space 98304K, 0% used [0x00000000f3500000,0x00000000f3500000,0x00000000f9500000)
 ParOldGen       total 1384448K, used 1384020K [0x0000000081400000, 0x00000000d5c00000, 0x00000000d5c00000)
  object space 1384448K, 99% used [0x0000000081400000,0x00000000d5b95000,0x00000000d5c00000)
 Metaspace       used 264868K, capacity 274108K, committed 274456K, reserved 1298432K
  class space    used 23710K, capacity 26031K, committed 26152K, reserved 1048576K
}
Event: 7927.870 GC heap before
{Heap before GC invocations=333 (full 145):
 PSYoungGen      total 579072K, used 484352K [0x00000000d5c00000, 0x00000000ff500000, 0x0000000100000000)
  eden space 484352K, 100% used [0x00000000d5c00000,0x00000000f3500000,0x00000000f3500000)
  from space 94720K, 0% used [0x00000000f9880000,0x00000000f9880000,0x00000000ff500000)
  to   space 98304K, 0% used [0x00000000f3500000,0x00000000f3500000,0x00000000f9500000)
 ParOldGen       total 1384448K, used 1384020K [0x0000000081400000, 0x00000000d5c00000, 0x00000000d5c00000)
  object space 1384448K, 99% used [0x0000000081400000,0x00000000d5b95000,0x00000000d5c00000)
 Metaspace       used 264969K, capacity 274276K, committed 274456K, reserved 1298432K
  class space    used 23732K, capacity 26069K, committed 26152K, reserved 1048576K
Event: 7929.548 GC heap after
Heap after GC invocations=333 (full 145):
 PSYoungGen      total 579072K, used 384406K [0x00000000d5c00000, 0x00000000ff500000, 0x0000000100000000)
  eden space 484352K, 79% used [0x00000000d5c00000,0x00000000ed365a10,0x00000000f3500000)
  from space 94720K, 0% used [0x00000000f9880000,0x00000000f9880000,0x00000000ff500000)
  to   space 98304K, 0% used [0x00000000f3500000,0x00000000f3500000,0x00000000f9500000)
 ParOldGen       total 1384448K, used 1384020K [0x0000000081400000, 0x00000000d5c00000, 0x00000000d5c00000)
  object space 1384448K, 99% used [0x0000000081400000,0x00000000d5b95000,0x00000000d5c00000)
 Metaspace       used 264969K, capacity 274276K, committed 274456K, reserved 1298432K
  class space    used 23732K, capacity 26069K, committed 26152K, reserved 1048576K
}
Event: 7948.710 GC heap before
{Heap before GC invocations=334 (full 146):
 PSYoungGen      total 579072K, used 476377K [0x00000000d5c00000, 0x00000000ff500000, 0x0000000100000000)
  eden space 484352K, 98% used [0x00000000d5c00000,0x00000000f2d365a0,0x00000000f3500000)
  from space 94720K, 0% used [0x00000000f9880000,0x00000000f9880000,0x00000000ff500000)
  to   space 98304K, 0% used [0x00000000f3500000,0x00000000f3500000,0x00000000f9500000)
 ParOldGen       total 1384448K, used 1384020K [0x0000000081400000, 0x00000000d5c00000, 0x00000000d5c00000)
  object space 1384448K, 99% used [0x0000000081400000,0x00000000d5b95000,0x00000000d5c00000)
 Metaspace       used 264973K, capacity 274282K, committed 274456K, reserved 1298432K
  class space    used 23733K, capacity 26071K, committed 26152K, reserved 1048576K
Event: 7950.556 GC heap after
Heap after GC invocations=334 (full 146):
 PSYoungGen      total 579072K, used 376596K [0x00000000d5c00000, 0x00000000ff500000, 0x0000000100000000)
  eden space 484352K, 77% used [0x00000000d5c00000,0x00000000ecbc50d8,0x00000000f3500000)
  from space 94720K, 0% used [0x00000000f9880000,0x00000000f9880000,0x00000000ff500000)
  to   space 98304K, 0% used [0x00000000f3500000,0x00000000f3500000,0x00000000f9500000)
 ParOldGen       total 1384448K, used 1384020K [0x0000000081400000, 0x00000000d5c00000, 0x00000000d5c00000)
  object space 1384448K, 99% used [0x0000000081400000,0x00000000d5b95000,0x00000000d5c00000)
 Metaspace       used 264973K, capacity 274282K, committed 274456K, reserved 1298432K
  class space    used 23733K, capacity 26071K, committed 26152K, reserved 1048576K
}
Event: 7954.349 GC heap before
{Heap before GC invocations=335 (full 147):
 PSYoungGen      total 579072K, used 484352K [0x00000000d5c00000, 0x00000000ff500000, 0x0000000100000000)
  eden space 484352K, 100% used [0x00000000d5c00000,0x00000000f3500000,0x00000000f3500000)
  from space 94720K, 0% used [0x00000000f9880000,0x00000000f9880000,0x00000000ff500000)
  to   space 98304K, 0% used [0x00000000f3500000,0x00000000f3500000,0x00000000f9500000)
 ParOldGen       total 1384448K, used 1384020K [0x0000000081400000, 0x00000000d5c00000, 0x00000000d5c00000)
  object space 1384448K, 99% used [0x0000000081400000,0x00000000d5b95000,0x00000000d5c00000)
 Metaspace       used 265021K, capacity 274366K, committed 274712K, reserved 1298432K
  class space    used 23736K, capacity 26075K, committed 26152K, reserved 1048576K
Event: 7956.693 GC heap after
Heap after GC invocations=335 (full 147):
 PSYoungGen      total 579072K, used 382285K [0x00000000d5c00000, 0x00000000ff500000, 0x0000000100000000)
  eden space 484352K, 78% used [0x00000000d5c00000,0x00000000ed153440,0x00000000f3500000)
  from space 94720K, 0% used [0x00000000f9880000,0x00000000f9880000,0x00000000ff500000)
  to   space 98304K, 0% used [0x00000000f3500000,0x00000000f3500000,0x00000000f9500000)
 ParOldGen       total 1384448K, used 1384020K [0x0000000081400000, 0x00000000d5c00000, 0x00000000d5c00000)
  object space 1384448K, 99% used [0x0000000081400000,0x00000000d5b95000,0x00000000d5c00000)
 Metaspace       used 265021K, capacity 274366K, committed 274712K, reserved 1298432K
  class space    used 23736K, capacity 26075K, committed 26152K, reserved 1048576K
}
Event: 7957.102 GC heap before
{Heap before GC invocations=336 (full 148):
 PSYoungGen      total 579072K, used 484352K [0x00000000d5c00000, 0x00000000ff500000, 0x0000000100000000)
  eden space 484352K, 100% used [0x00000000d5c00000,0x00000000f3500000,0x00000000f3500000)
  from space 94720K, 0% used [0x00000000f9880000,0x00000000f9880000,0x00000000ff500000)
  to   space 98304K, 0% used [0x00000000f3500000,0x00000000f3500000,0x00000000f9500000)
 ParOldGen       total 1384448K, used 1384020K [0x0000000081400000, 0x00000000d5c00000, 0x00000000d5c00000)
  object space 1384448K, 99% used [0x0000000081400000,0x00000000d5b95000,0x00000000d5c00000)
 Metaspace       used 265746K, capacity 275074K, committed 275224K, reserved 1298432K
  class space    used 23792K, capacity 26143K, committed 26152K, reserved 1048576K
Event: 7958.742 GC heap after
Heap after GC invocations=336 (full 148):
 PSYoungGen      total 579072K, used 384814K [0x00000000d5c00000, 0x00000000ff500000, 0x0000000100000000)
  eden space 484352K, 79% used [0x00000000d5c00000,0x00000000ed3cb9b0,0x00000000f3500000)
  from space 94720K, 0% used [0x00000000f9880000,0x00000000f9880000,0x00000000ff500000)
  to   space 98304K, 0% used [0x00000000f3500000,0x00000000f3500000,0x00000000f9500000)
 ParOldGen       total 1384448K, used 1384020K [0x0000000081400000, 0x00000000d5c00000, 0x00000000d5c00000)
  object space 1384448K, 99% used [0x0000000081400000,0x00000000d5b95000,0x00000000d5c00000)
 Metaspace       used 265746K, capacity 275074K, committed 275224K, reserved 1298432K
  class space    used 23792K, capacity 26143K, committed 26152K, reserved 1048576K
}
Event: 7959.052 GC heap before
{Heap before GC invocations=337 (full 149):
 PSYoungGen      total 579072K, used 484352K [0x00000000d5c00000, 0x00000000ff500000, 0x0000000100000000)
  eden space 484352K, 100% used [0x00000000d5c00000,0x00000000f3500000,0x00000000f3500000)
  from space 94720K, 0% used [0x00000000f9880000,0x00000000f9880000,0x00000000ff500000)
  to   space 98304K, 0% used [0x00000000f3500000,0x00000000f3500000,0x00000000f9500000)
 ParOldGen       total 1384448K, used 1384020K [0x0000000081400000, 0x00000000d5c00000, 0x00000000d5c00000)
  object space 1384448K, 99% used [0x0000000081400000,0x00000000d5b95000,0x00000000d5c00000)
 Metaspace       used 265746K, capacity 275074K, committed 275224K, reserved 1298432K
  class space    used 23792K, capacity 26143K, committed 26152K, reserved 1048576K

