# JRE version: Java(TM) SE Runtime Environment (8.0_101-b13) (build 1.8.0_101-b13)
# Java VM: Java HotSpot(TM) 64-Bit Server VM (25.101-b13 mixed mode windows-amd64 compressed oops)
Heap:
 PSYoungGen      total 653312K, used 93764K [0x00000000d5c00000, 0x00000000ffd00000, 0x0000000100000000)
  eden space 617472K, 12% used [0x00000000d5c00000,0x00000000da4ad340,0x00000000fb700000)
  from space 35840K, 53% used [0x00000000fb700000,0x00000000fc9e3f20,0x00000000fda00000)
  to   space 33792K, 0% used [0x00000000fdc00000,0x00000000fdc00000,0x00000000ffd00000)
 ParOldGen       total 198144K, used 110866K [0x0000000081400000, 0x000000008d580000, 0x00000000d5c00000)
  object space 198144K, 55% used [0x0000000081400000,0x0000000088044be0,0x000000008d580000)
 Metaspace       used 77744K, capacity 79052K, committed 79320K, reserved 1118208K
  class space    used 9577K, capacity 9890K, committed 9984K, reserved 1048576K
GC Heap History (10 events):
Event: 67.259 GC heap before
{Heap before GC invocations=20 (full 3):
 PSYoungGen      total 503808K, used 488578K [0x00000000d5c00000, 0x00000000f7580000, 0x0000000100000000)
  eden space 469504K, 100% used [0x00000000d5c00000,0x00000000f2680000,0x00000000f2680000)
  from space 34304K, 55% used [0x00000000f5400000,0x00000000f66a0be0,0x00000000f7580000)
  to   space 40448K, 0% used [0x00000000f2680000,0x00000000f2680000,0x00000000f4e00000)
 ParOldGen       total 198144K, used 81233K [0x0000000081400000, 0x000000008d580000, 0x00000000d5c00000)
  object space 198144K, 40% used [0x0000000081400000,0x0000000086354470,0x000000008d580000)
 Metaspace       used 66998K, capacity 67912K, committed 68440K, reserved 1110016K
  class space    used 8304K, capacity 8495K, committed 8576K, reserved 1048576K
Event: 67.314 GC heap after
Heap after GC invocations=20 (full 3):
 PSYoungGen      total 509952K, used 17897K [0x00000000d5c00000, 0x00000000fcb00000, 0x0000000100000000)
  eden space 469504K, 0% used [0x00000000d5c00000,0x00000000d5c00000,0x00000000f2680000)
  from space 40448K, 44% used [0x00000000f2680000,0x00000000f37fa7e8,0x00000000f4e00000)
  to   space 38400K, 0% used [0x00000000fa580000,0x00000000fa580000,0x00000000fcb00000)
 ParOldGen       total 198144K, used 98038K [0x0000000081400000, 0x000000008d580000, 0x00000000d5c00000)
  object space 198144K, 49% used [0x0000000081400000,0x00000000873bd818,0x000000008d580000)
 Metaspace       used 66998K, capacity 67912K, committed 68440K, reserved 1110016K
  class space    used 8304K, capacity 8495K, committed 8576K, reserved 1048576K
}
Event: 72.009 GC heap before
{Heap before GC invocations=21 (full 3):
 PSYoungGen      total 509952K, used 487401K [0x00000000d5c00000, 0x00000000fcb00000, 0x0000000100000000)
  eden space 469504K, 100% used [0x00000000d5c00000,0x00000000f2680000,0x00000000f2680000)
  from space 40448K, 44% used [0x00000000f2680000,0x00000000f37fa7e8,0x00000000f4e00000)
  to   space 38400K, 0% used [0x00000000fa580000,0x00000000fa580000,0x00000000fcb00000)
 ParOldGen       total 198144K, used 98038K [0x0000000081400000, 0x000000008d580000, 0x00000000d5c00000)
  object space 198144K, 49% used [0x0000000081400000,0x00000000873bd818,0x000000008d580000)
 Metaspace       used 70026K, capacity 70988K, committed 71512K, reserved 1112064K
  class space    used 8752K, capacity 8965K, committed 9088K, reserved 1048576K
Event: 72.033 GC heap after
Heap after GC invocations=21 (full 3):
 PSYoungGen      total 582144K, used 8803K [0x00000000d5c00000, 0x00000000fc200000, 0x0000000100000000)
  eden space 552960K, 0% used [0x00000000d5c00000,0x00000000d5c00000,0x00000000f7800000)
  from space 29184K, 30% used [0x00000000fa580000,0x00000000fae18d58,0x00000000fc200000)
  to   space 37888K, 0% used [0x00000000f7800000,0x00000000f7800000,0x00000000f9d00000)
 ParOldGen       total 198144K, used 110842K [0x0000000081400000, 0x000000008d580000, 0x00000000d5c00000)
  object space 198144K, 55% used [0x0000000081400000,0x000000008803ebe0,0x000000008d580000)
 Metaspace       used 70026K, capacity 70988K, committed 71512K, reserved 1112064K
  class space    used 8752K, capacity 8965K, committed 9088K, reserved 1048576K
}
Event: 75.545 GC heap before
{Heap before GC invocations=22 (full 3):
 PSYoungGen      total 582144K, used 561763K [0x00000000d5c00000, 0x00000000fc200000, 0x0000000100000000)
  eden space 552960K, 100% used [0x00000000d5c00000,0x00000000f7800000,0x00000000f7800000)
  from space 29184K, 30% used [0x00000000fa580000,0x00000000fae18d58,0x00000000fc200000)
  to   space 37888K, 0% used [0x00000000f7800000,0x00000000f7800000,0x00000000f9d00000)
 ParOldGen       total 198144K, used 110842K [0x0000000081400000, 0x000000008d580000, 0x00000000d5c00000)
  object space 198144K, 55% used [0x0000000081400000,0x000000008803ebe0,0x000000008d580000)
 Metaspace       used 70588K, capacity 71600K, committed 72024K, reserved 1112064K
  class space    used 8773K, capacity 8971K, committed 9088K, reserved 1048576K
Event: 75.559 GC heap after
Heap after GC invocations=22 (full 3):
 PSYoungGen      total 590848K, used 8768K [0x00000000d5c00000, 0x0000000100000000, 0x0000000100000000)
  eden space 552960K, 0% used [0x00000000d5c00000,0x00000000d5c00000,0x00000000f7800000)
  from space 37888K, 23% used [0x00000000f7800000,0x00000000f8090000,0x00000000f9d00000)
  to   space 36864K, 0% used [0x00000000fdc00000,0x00000000fdc00000,0x0000000100000000)
 ParOldGen       total 198144K, used 110850K [0x0000000081400000, 0x000000008d580000, 0x00000000d5c00000)
  object space 198144K, 55% used [0x0000000081400000,0x0000000088040be0,0x000000008d580000)
 Metaspace       used 70588K, capacity 71600K, committed 72024K, reserved 1112064K
  class space    used 8773K, capacity 8971K, committed 9088K, reserved 1048576K
}
Event: 78.696 GC heap before
{Heap before GC invocations=23 (full 3):
 PSYoungGen      total 590848K, used 561728K [0x00000000d5c00000, 0x0000000100000000, 0x0000000100000000)
  eden space 552960K, 100% used [0x00000000d5c00000,0x00000000f7800000,0x00000000f7800000)
  from space 37888K, 23% used [0x00000000f7800000,0x00000000f8090000,0x00000000f9d00000)
  to   space 36864K, 0% used [0x00000000fdc00000,0x00000000fdc00000,0x0000000100000000)
 ParOldGen       total 198144K, used 110850K [0x0000000081400000, 0x000000008d580000, 0x00000000d5c00000)
  object space 198144K, 55% used [0x0000000081400000,0x0000000088040be0,0x000000008d580000)
 Metaspace       used 70760K, capacity 71766K, committed 72280K, reserved 1112064K
  class space    used 8780K, capacity 9004K, committed 9088K, reserved 1048576K
Event: 78.716 GC heap after
Heap after GC invocations=23 (full 3):
 PSYoungGen      total 651264K, used 9728K [0x00000000d5c00000, 0x00000000ffd00000, 0x0000000100000000)
  eden space 617472K, 0% used [0x00000000d5c00000,0x00000000d5c00000,0x00000000fb700000)
  from space 33792K, 28% used [0x00000000fdc00000,0x00000000fe580000,0x00000000ffd00000)
  to   space 35840K, 0% used [0x00000000fb700000,0x00000000fb700000,0x00000000fda00000)
 ParOldGen       total 198144K, used 110858K [0x0000000081400000, 0x000000008d580000, 0x00000000d5c00000)
  object space 198144K, 55% used [0x0000000081400000,0x0000000088042be0,0x000000008d580000)
 Metaspace       used 70760K, capacity 71766K, committed 72280K, reserved 1112064K
  class space    used 8780K, capacity 9004K, committed 9088K, reserved 1048576K
}
Event: 234.796 GC heap before
{Heap before GC invocations=24 (full 3):
 PSYoungGen      total 651264K, used 627200K [0x00000000d5c00000, 0x00000000ffd00000, 0x0000000100000000)
  eden space 617472K, 100% used [0x00000000d5c00000,0x00000000fb700000,0x00000000fb700000)
  from space 33792K, 28% used [0x00000000fdc00000,0x00000000fe580000,0x00000000ffd00000)
  to   space 35840K, 0% used [0x00000000fb700000,0x00000000fb700000,0x00000000fda00000)
 ParOldGen       total 198144K, used 110858K [0x0000000081400000, 0x000000008d580000, 0x00000000d5c00000)
  object space 198144K, 55% used [0x0000000081400000,0x0000000088042be0,0x000000008d580000)
 Metaspace       used 76912K, capacity 78216K, committed 78424K, reserved 1118208K
  class space    used 9518K, capacity 9824K, committed 9856K, reserved 1048576K
Event: 235.113 GC heap after
Heap after GC invocations=24 (full 3):
 PSYoungGen      total 653312K, used 19343K [0x00000000d5c00000, 0x00000000ffd00000, 0x0000000100000000)
  eden space 617472K, 0% used [0x00000000d5c00000,0x00000000d5c00000,0x00000000fb700000)
  from space 35840K, 53% used [0x00000000fb700000,0x00000000fc9e3f20,0x00000000fda00000)
  to   space 33792K, 0% used [0x00000000fdc00000,0x00000000fdc00000,0x00000000ffd00000)
 ParOldGen       total 198144K, used 110866K [0x0000000081400000, 0x000000008d580000, 0x00000000d5c00000)
  object space 198144K, 55% used [0x0000000081400000,0x0000000088044be0,0x000000008d580000)
 Metaspace       used 76912K, capacity 78216K, committed 78424K, reserved 1118208K
  class space    used 9518K, capacity 9824K, committed 9856K, reserved 1048576K
}

