# JRE version: Java(TM) SE Runtime Environment (8.0_101-b13) (build 1.8.0_101-b13)
# Java VM: Java HotSpot(TM) 64-Bit Server VM (25.101-b13 mixed mode windows-amd64 compressed oops)
Heap:
 PSYoungGen      total 585728K, used 58226K [0x00000000d5c00000, 0x00000000ffb80000, 0x0000000100000000)
  eden space 487936K, 0% used [0x00000000d5c00000,0x00000000d5c00000,0x00000000f3880000)
  from space 97792K, 59% used [0x00000000f9c00000,0x00000000fd4dcae0,0x00000000ffb80000)
  to   space 99840K, 0% used [0x00000000f3880000,0x00000000f3880000,0x00000000f9a00000)
 ParOldGen       total 195072K, used 154147K [0x0000000081400000, 0x000000008d280000, 0x00000000d5c00000)
  object space 195072K, 79% used [0x0000000081400000,0x000000008aa88d70,0x000000008d280000)
 Metaspace       used 93660K, capacity 96760K, committed 96936K, reserved 1134592K
  class space    used 10750K, capacity 11319K, committed 11432K, reserved 1048576K
GC Heap History (10 events):
Event: 928.868 GC heap after
Heap after GC invocations=37 (full 5):
 PSYoungGen      total 582656K, used 68073K [0x00000000d5c00000, 0x0000000100000000, 0x0000000100000000)
  eden space 487936K, 0% used [0x00000000d5c00000,0x00000000d5c00000,0x00000000f3880000)
  from space 94720K, 71% used [0x00000000f9900000,0x00000000fdb7a668,0x00000000ff580000)
  to   space 98816K, 0% used [0x00000000f3880000,0x00000000f3880000,0x00000000f9900000)
 ParOldGen       total 195072K, used 154123K [0x0000000081400000, 0x000000008d280000, 0x00000000d5c00000)
  object space 195072K, 79% used [0x0000000081400000,0x000000008aa82d70,0x000000008d280000)
 Metaspace       used 93334K, capacity 96192K, committed 96296K, reserved 1134592K
  class space    used 10717K, capacity 11236K, committed 11304K, reserved 1048576K
}
Event: 930.636 GC heap before
{Heap before GC invocations=38 (full 5):
 PSYoungGen      total 582656K, used 556009K [0x00000000d5c00000, 0x0000000100000000, 0x0000000100000000)
  eden space 487936K, 100% used [0x00000000d5c00000,0x00000000f3880000,0x00000000f3880000)
  from space 94720K, 71% used [0x00000000f9900000,0x00000000fdb7a668,0x00000000ff580000)
  to   space 98816K, 0% used [0x00000000f3880000,0x00000000f3880000,0x00000000f9900000)
 ParOldGen       total 195072K, used 154123K [0x0000000081400000, 0x000000008d280000, 0x00000000d5c00000)
  object space 195072K, 79% used [0x0000000081400000,0x000000008aa82d70,0x000000008d280000)
 Metaspace       used 93352K, capacity 96288K, committed 96552K, reserved 1134592K
  class space    used 10718K, capacity 11268K, committed 11304K, reserved 1048576K
Event: 930.676 GC heap after
Heap after GC invocations=38 (full 5):
 PSYoungGen      total 586752K, used 68943K [0x00000000d5c00000, 0x0000000100000000, 0x0000000100000000)
  eden space 487936K, 0% used [0x00000000d5c00000,0x00000000d5c00000,0x00000000f3880000)
  from space 98816K, 69% used [0x00000000f3880000,0x00000000f7bd3d40,0x00000000f9900000)
  to   space 102400K, 0% used [0x00000000f9c00000,0x00000000f9c00000,0x0000000100000000)
 ParOldGen       total 195072K, used 154123K [0x0000000081400000, 0x000000008d280000, 0x00000000d5c00000)
  object space 195072K, 79% used [0x0000000081400000,0x000000008aa82d70,0x000000008d280000)
 Metaspace       used 93352K, capacity 96288K, committed 96552K, reserved 1134592K
  class space    used 10718K, capacity 11268K, committed 11304K, reserved 1048576K
}
Event: 940.713 GC heap before
{Heap before GC invocations=39 (full 5):
 PSYoungGen      total 586752K, used 556879K [0x00000000d5c00000, 0x0000000100000000, 0x0000000100000000)
  eden space 487936K, 100% used [0x00000000d5c00000,0x00000000f3880000,0x00000000f3880000)
  from space 98816K, 69% used [0x00000000f3880000,0x00000000f7bd3d40,0x00000000f9900000)
  to   space 102400K, 0% used [0x00000000f9c00000,0x00000000f9c00000,0x0000000100000000)
 ParOldGen       total 195072K, used 154123K [0x0000000081400000, 0x000000008d280000, 0x00000000d5c00000)
  object space 195072K, 79% used [0x0000000081400000,0x000000008aa82d70,0x000000008d280000)
 Metaspace       used 93372K, capacity 96288K, committed 96552K, reserved 1134592K
  class space    used 10720K, capacity 11268K, committed 11304K, reserved 1048576K
Event: 940.747 GC heap after
Heap after GC invocations=39 (full 5):
 PSYoungGen      total 590336K, used 61391K [0x00000000d5c00000, 0x0000000100000000, 0x0000000100000000)
  eden space 487936K, 0% used [0x00000000d5c00000,0x00000000d5c00000,0x00000000f3880000)
  from space 102400K, 59% used [0x00000000f9c00000,0x00000000fd7f3c08,0x0000000100000000)
  to   space 101888K, 0% used [0x00000000f3880000,0x00000000f3880000,0x00000000f9c00000)
 ParOldGen       total 195072K, used 154131K [0x0000000081400000, 0x000000008d280000, 0x00000000d5c00000)
  object space 195072K, 79% used [0x0000000081400000,0x000000008aa84d70,0x000000008d280000)
 Metaspace       used 93372K, capacity 96288K, committed 96552K, reserved 1134592K
  class space    used 10720K, capacity 11268K, committed 11304K, reserved 1048576K
}
Event: 1365.983 GC heap before
{Heap before GC invocations=40 (full 5):
 PSYoungGen      total 590336K, used 549327K [0x00000000d5c00000, 0x0000000100000000, 0x0000000100000000)
  eden space 487936K, 100% used [0x00000000d5c00000,0x00000000f3880000,0x00000000f3880000)
  from space 102400K, 59% used [0x00000000f9c00000,0x00000000fd7f3c08,0x0000000100000000)
  to   space 101888K, 0% used [0x00000000f3880000,0x00000000f3880000,0x00000000f9c00000)
 ParOldGen       total 195072K, used 154131K [0x0000000081400000, 0x000000008d280000, 0x00000000d5c00000)
  object space 195072K, 79% used [0x0000000081400000,0x000000008aa84d70,0x000000008d280000)
 Metaspace       used 93641K, capacity 96754K, committed 96936K, reserved 1134592K
  class space    used 10750K, capacity 11317K, committed 11432K, reserved 1048576K
Event: 1366.051 GC heap after
Heap after GC invocations=40 (full 5):
 PSYoungGen      total 589824K, used 63793K [0x00000000d5c00000, 0x00000000fff80000, 0x0000000100000000)
  eden space 487936K, 0% used [0x00000000d5c00000,0x00000000d5c00000,0x00000000f3880000)
  from space 101888K, 62% used [0x00000000f3880000,0x00000000f76cc448,0x00000000f9c00000)
  to   space 101888K, 0% used [0x00000000f9c00000,0x00000000f9c00000,0x00000000fff80000)
 ParOldGen       total 195072K, used 154139K [0x0000000081400000, 0x000000008d280000, 0x00000000d5c00000)
  object space 195072K, 79% used [0x0000000081400000,0x000000008aa86d70,0x000000008d280000)
 Metaspace       used 93641K, capacity 96754K, committed 96936K, reserved 1134592K
  class space    used 10750K, capacity 11317K, committed 11432K, reserved 1048576K
}
Event: 1517.487 GC heap before
{Heap before GC invocations=41 (full 5):
 PSYoungGen      total 589824K, used 177754K [0x00000000d5c00000, 0x00000000fff80000, 0x0000000100000000)
  eden space 487936K, 23% used [0x00000000d5c00000,0x00000000dcb4a790,0x00000000f3880000)
  from space 101888K, 62% used [0x00000000f3880000,0x00000000f76cc448,0x00000000f9c00000)
  to   space 101888K, 0% used [0x00000000f9c00000,0x00000000f9c00000,0x00000000fff80000)
 ParOldGen       total 195072K, used 154139K [0x0000000081400000, 0x000000008d280000, 0x00000000d5c00000)
  object space 195072K, 79% used [0x0000000081400000,0x000000008aa86d70,0x000000008d280000)
 Metaspace       used 93660K, capacity 96760K, committed 96936K, reserved 1134592K
  class space    used 10750K, capacity 11319K, committed 11432K, reserved 1048576K
Event: 1517.528 GC heap after
Heap after GC invocations=41 (full 5):
 PSYoungGen      total 585728K, used 58226K [0x00000000d5c00000, 0x00000000ffb80000, 0x0000000100000000)
  eden space 487936K, 0% used [0x00000000d5c00000,0x00000000d5c00000,0x00000000f3880000)
  from space 97792K, 59% used [0x00000000f9c00000,0x00000000fd4dcae0,0x00000000ffb80000)
  to   space 99840K, 0% used [0x00000000f3880000,0x00000000f3880000,0x00000000f9a00000)
 ParOldGen       total 195072K, used 154147K [0x0000000081400000, 0x000000008d280000, 0x00000000d5c00000)
  object space 195072K, 79% used [0x0000000081400000,0x000000008aa88d70,0x000000008d280000)
 Metaspace       used 93660K, capacity 96760K, committed 96936K, reserved 1134592K
  class space    used 10750K, capacity 11319K, committed 11432K, reserved 1048576K
}
Event: 1517.528 GC heap before
{Heap before GC invocations=42 (full 6):
 PSYoungGen      total 585728K, used 58226K [0x00000000d5c00000, 0x00000000ffb80000, 0x0000000100000000)
  eden space 487936K, 0% used [0x00000000d5c00000,0x00000000d5c00000,0x00000000f3880000)
  from space 97792K, 59% used [0x00000000f9c00000,0x00000000fd4dcae0,0x00000000ffb80000)
  to   space 99840K, 0% used [0x00000000f3880000,0x00000000f3880000,0x00000000f9a00000)
 ParOldGen       total 195072K, used 154147K [0x0000000081400000, 0x000000008d280000, 0x00000000d5c00000)
  object space 195072K, 79% used [0x0000000081400000,0x000000008aa88d70,0x000000008d280000)
 Metaspace       used 93660K, capacity 96760K, committed 96936K, reserved 1134592K
  class space    used 10750K, capacity 11319K, committed 11432K, reserved 1048576K

