# JRE version: Java(TM) SE Runtime Environment (8.0_101-b13) (build 1.8.0_101-b13)
# Java VM: Java HotSpot(TM) 64-Bit Server VM (25.101-b13 mixed mode windows-amd64 compressed oops)
Heap:
 PSYoungGen      total 649216K, used 586073K [0x00000000d5c00000, 0x0000000100000000, 0x0000000100000000)
  eden space 610816K, 92% used [0x00000000d5c00000,0x00000000f85d47d8,0x00000000fb080000)
  from space 38400K, 49% used [0x00000000fb080000,0x00000000fc301dc0,0x00000000fd600000)
  to   space 36864K, 0% used [0x00000000fdc00000,0x00000000fdc00000,0x0000000100000000)
 ParOldGen       total 194048K, used 104727K [0x0000000081400000, 0x000000008d180000, 0x00000000d5c00000)
  object space 194048K, 53% used [0x0000000081400000,0x0000000087a45f60,0x000000008d180000)
 Metaspace       used 77871K, capacity 79178K, committed 79320K, reserved 1118208K
  class space    used 9595K, capacity 9915K, committed 9984K, reserved 1048576K
GC Heap History (10 events):
Event: 41.213 GC heap before
{Heap before GC invocations=18 (full 3):
 PSYoungGen      total 483840K, used 451584K [0x00000000d5c00000, 0x00000000f6380000, 0x0000000100000000)
  eden space 451584K, 100% used [0x00000000d5c00000,0x00000000f1500000,0x00000000f1500000)
  from space 32256K, 0% used [0x00000000f3600000,0x00000000f3600000,0x00000000f5580000)
  to   space 33792K, 0% used [0x00000000f1500000,0x00000000f1500000,0x00000000f3600000)
 ParOldGen       total 194048K, used 84004K [0x0000000081400000, 0x000000008d180000, 0x00000000d5c00000)
  object space 194048K, 43% used [0x0000000081400000,0x00000000866093a8,0x000000008d180000)
 Metaspace       used 63045K, capacity 63916K, committed 64344K, reserved 1105920K
  class space    used 7753K, capacity 7955K, committed 8064K, reserved 1048576K
Event: 41.238 GC heap after
Heap after GC invocations=18 (full 3):
 PSYoungGen      total 485376K, used 23740K [0x00000000d5c00000, 0x00000000fc800000, 0x0000000100000000)
  eden space 451584K, 0% used [0x00000000d5c00000,0x00000000d5c00000,0x00000000f1500000)
  from space 33792K, 70% used [0x00000000f1500000,0x00000000f2c2f008,0x00000000f3600000)
  to   space 35840K, 0% used [0x00000000fa500000,0x00000000fa500000,0x00000000fc800000)
 ParOldGen       total 194048K, used 84012K [0x0000000081400000, 0x000000008d180000, 0x00000000d5c00000)
  object space 194048K, 43% used [0x0000000081400000,0x000000008660b3a8,0x000000008d180000)
 Metaspace       used 63045K, capacity 63916K, committed 64344K, reserved 1105920K
  class space    used 7753K, capacity 7955K, committed 8064K, reserved 1048576K
}
Event: 47.287 GC heap before
{Heap before GC invocations=19 (full 3):
 PSYoungGen      total 485376K, used 475324K [0x00000000d5c00000, 0x00000000fc800000, 0x0000000100000000)
  eden space 451584K, 100% used [0x00000000d5c00000,0x00000000f1500000,0x00000000f1500000)
  from space 33792K, 70% used [0x00000000f1500000,0x00000000f2c2f008,0x00000000f3600000)
  to   space 35840K, 0% used [0x00000000fa500000,0x00000000fa500000,0x00000000fc800000)
 ParOldGen       total 194048K, used 84012K [0x0000000081400000, 0x000000008d180000, 0x00000000d5c00000)
  object space 194048K, 43% used [0x0000000081400000,0x000000008660b3a8,0x000000008d180000)
 Metaspace       used 67940K, capacity 68840K, committed 69336K, reserved 1110016K
  class space    used 8451K, capacity 8655K, committed 8704K, reserved 1048576K
Event: 47.351 GC heap after
Heap after GC invocations=19 (full 3):
 PSYoungGen      total 593408K, used 35816K [0x00000000d5c00000, 0x00000000fd200000, 0x0000000100000000)
  eden space 557568K, 0% used [0x00000000d5c00000,0x00000000d5c00000,0x00000000f7c80000)
  from space 35840K, 99% used [0x00000000fa500000,0x00000000fc7fa0f8,0x00000000fc800000)
  to   space 41472K, 0% used [0x00000000f7c80000,0x00000000f7c80000,0x00000000fa500000)
 ParOldGen       total 194048K, used 84504K [0x0000000081400000, 0x000000008d180000, 0x00000000d5c00000)
  object space 194048K, 43% used [0x0000000081400000,0x00000000866863c8,0x000000008d180000)
 Metaspace       used 67940K, capacity 68840K, committed 69336K, reserved 1110016K
  class space    used 8451K, capacity 8655K, committed 8704K, reserved 1048576K
}
Event: 51.146 GC heap before
{Heap before GC invocations=20 (full 3):
 PSYoungGen      total 593408K, used 593384K [0x00000000d5c00000, 0x00000000fd200000, 0x0000000100000000)
  eden space 557568K, 100% used [0x00000000d5c00000,0x00000000f7c80000,0x00000000f7c80000)
  from space 35840K, 99% used [0x00000000fa500000,0x00000000fc7fa0f8,0x00000000fc800000)
  to   space 41472K, 0% used [0x00000000f7c80000,0x00000000f7c80000,0x00000000fa500000)
 ParOldGen       total 194048K, used 84504K [0x0000000081400000, 0x000000008d180000, 0x00000000d5c00000)
  object space 194048K, 43% used [0x0000000081400000,0x00000000866863c8,0x000000008d180000)
 Metaspace       used 70293K, capacity 71280K, committed 71768K, reserved 1112064K
  class space    used 8757K, capacity 8971K, committed 9088K, reserved 1048576K
Event: 51.185 GC heap after
Heap after GC invocations=20 (full 3):
 PSYoungGen      total 599040K, used 18610K [0x00000000d5c00000, 0x0000000100000000, 0x0000000100000000)
  eden space 557568K, 0% used [0x00000000d5c00000,0x00000000d5c00000,0x00000000f7c80000)
  from space 41472K, 44% used [0x00000000f7c80000,0x00000000f8eaca90,0x00000000fa500000)
  to   space 39936K, 0% used [0x00000000fd900000,0x00000000fd900000,0x0000000100000000)
 ParOldGen       total 194048K, used 104711K [0x0000000081400000, 0x000000008d180000, 0x00000000d5c00000)
  object space 194048K, 53% used [0x0000000081400000,0x0000000087a41f60,0x000000008d180000)
 Metaspace       used 70293K, capacity 71280K, committed 71768K, reserved 1112064K
  class space    used 8757K, capacity 8971K, committed 9088K, reserved 1048576K
}
Event: 54.157 GC heap before
{Heap before GC invocations=21 (full 3):
 PSYoungGen      total 599040K, used 576178K [0x00000000d5c00000, 0x0000000100000000, 0x0000000100000000)
  eden space 557568K, 100% used [0x00000000d5c00000,0x00000000f7c80000,0x00000000f7c80000)
  from space 41472K, 44% used [0x00000000f7c80000,0x00000000f8eaca90,0x00000000fa500000)
  to   space 39936K, 0% used [0x00000000fd900000,0x00000000fd900000,0x0000000100000000)
 ParOldGen       total 194048K, used 104711K [0x0000000081400000, 0x000000008d180000, 0x00000000d5c00000)
  object space 194048K, 53% used [0x0000000081400000,0x0000000087a41f60,0x000000008d180000)
 Metaspace       used 70651K, capacity 71702K, committed 72024K, reserved 1112064K
  class space    used 8776K, capacity 9004K, committed 9088K, reserved 1048576K
Event: 54.185 GC heap after
Heap after GC invocations=21 (full 3):
 PSYoungGen      total 646144K, used 18912K [0x00000000d5c00000, 0x00000000ffb80000, 0x0000000100000000)
  eden space 610816K, 0% used [0x00000000d5c00000,0x00000000d5c00000,0x00000000fb080000)
  from space 35328K, 53% used [0x00000000fd900000,0x00000000feb78010,0x00000000ffb80000)
  to   space 38400K, 0% used [0x00000000fb080000,0x00000000fb080000,0x00000000fd600000)
 ParOldGen       total 194048K, used 104719K [0x0000000081400000, 0x000000008d180000, 0x00000000d5c00000)
  object space 194048K, 53% used [0x0000000081400000,0x0000000087a43f60,0x000000008d180000)
 Metaspace       used 70651K, capacity 71702K, committed 72024K, reserved 1112064K
  class space    used 8776K, capacity 9004K, committed 9088K, reserved 1048576K
}
Event: 136.556 GC heap before
{Heap before GC invocations=22 (full 3):
 PSYoungGen      total 646144K, used 629728K [0x00000000d5c00000, 0x00000000ffb80000, 0x0000000100000000)
  eden space 610816K, 100% used [0x00000000d5c00000,0x00000000fb080000,0x00000000fb080000)
  from space 35328K, 53% used [0x00000000fd900000,0x00000000feb78010,0x00000000ffb80000)
  to   space 38400K, 0% used [0x00000000fb080000,0x00000000fb080000,0x00000000fd600000)
 ParOldGen       total 194048K, used 104719K [0x0000000081400000, 0x000000008d180000, 0x00000000d5c00000)
  object space 194048K, 53% used [0x0000000081400000,0x0000000087a43f60,0x000000008d180000)
 Metaspace       used 71468K, capacity 72538K, committed 72920K, reserved 1114112K
  class space    used 8878K, capacity 9134K, committed 9216K, reserved 1048576K
Event: 136.576 GC heap after
Heap after GC invocations=22 (full 3):
 PSYoungGen      total 649216K, used 18951K [0x00000000d5c00000, 0x0000000100000000, 0x0000000100000000)
  eden space 610816K, 0% used [0x00000000d5c00000,0x00000000d5c00000,0x00000000fb080000)
  from space 38400K, 49% used [0x00000000fb080000,0x00000000fc301dc0,0x00000000fd600000)
  to   space 36864K, 0% used [0x00000000fdc00000,0x00000000fdc00000,0x0000000100000000)
 ParOldGen       total 194048K, used 104727K [0x0000000081400000, 0x000000008d180000, 0x00000000d5c00000)
  object space 194048K, 53% used [0x0000000081400000,0x0000000087a45f60,0x000000008d180000)
 Metaspace       used 71468K, capacity 72538K, committed 72920K, reserved 1114112K
  class space    used 8878K, capacity 9134K, committed 9216K, reserved 1048576K
}

