# JRE version: Java(TM) SE Runtime Environment (8.0_101-b13) (build 1.8.0_101-b13)
# Java VM: Java HotSpot(TM) 64-Bit Server VM (25.101-b13 mixed mode windows-amd64 compressed oops)
Heap:
 PSYoungGen      total 527872K, used 143566K [0x00000000d5c00000, 0x00000000fc000000, 0x0000000100000000)
  eden space 485888K, 26% used [0x00000000d5c00000,0x00000000dd9e0438,0x00000000f3680000)
  from space 41984K, 34% used [0x00000000f5e00000,0x00000000f6c537a8,0x00000000f8700000)
  to   space 40448K, 0% used [0x00000000f3680000,0x00000000f3680000,0x00000000f5e00000)
 ParOldGen       total 197632K, used 89515K [0x0000000081400000, 0x000000008d500000, 0x00000000d5c00000)
  object space 197632K, 45% used [0x0000000081400000,0x0000000086b6ad00,0x000000008d500000)
 Metaspace       used 73622K, capacity 74750K, committed 75096K, reserved 1116160K
  class space    used 9048K, capacity 9295K, committed 9344K, reserved 1048576K
GC Heap History (10 events):
Event: 37.724 GC heap before
{Heap before GC invocations=22 (full 3):
 PSYoungGen      total 455680K, used 455670K [0x00000000d5c00000, 0x00000000f4780000, 0x0000000100000000)
  eden space 422400K, 100% used [0x00000000d5c00000,0x00000000ef880000,0x00000000ef880000)
  from space 33280K, 99% used [0x00000000f1b80000,0x00000000f3bfd888,0x00000000f3c00000)
  to   space 35840K, 0% used [0x00000000ef880000,0x00000000ef880000,0x00000000f1b80000)
 ParOldGen       total 197632K, used 85975K [0x0000000081400000, 0x000000008d500000, 0x00000000d5c00000)
  object space 197632K, 43% used [0x0000000081400000,0x00000000867f5db0,0x000000008d500000)
 Metaspace       used 70420K, capacity 71410K, committed 71768K, reserved 1112064K
  class space    used 8765K, capacity 8972K, committed 9088K, reserved 1048576K
Event: 37.748 GC heap after
Heap after GC invocations=22 (full 3):
 PSYoungGen      total 458240K, used 19328K [0x00000000d5c00000, 0x00000000f9900000, 0x0000000100000000)
  eden space 422400K, 0% used [0x00000000d5c00000,0x00000000d5c00000,0x00000000ef880000)
  from space 35840K, 53% used [0x00000000ef880000,0x00000000f0b60010,0x00000000f1b80000)
  to   space 46080K, 0% used [0x00000000f6c00000,0x00000000f6c00000,0x00000000f9900000)
 ParOldGen       total 197632K, used 101789K [0x0000000081400000, 0x000000008d500000, 0x00000000d5c00000)
  object space 197632K, 51% used [0x0000000081400000,0x0000000087767658,0x000000008d500000)
 Metaspace       used 70420K, capacity 71410K, committed 71768K, reserved 1112064K
  class space    used 8765K, capacity 8972K, committed 9088K, reserved 1048576K
}
Event: 114.724 GC heap before
{Heap before GC invocations=23 (full 3):
 PSYoungGen      total 458240K, used 441728K [0x00000000d5c00000, 0x00000000f9900000, 0x0000000100000000)
  eden space 422400K, 100% used [0x00000000d5c00000,0x00000000ef880000,0x00000000ef880000)
  from space 35840K, 53% used [0x00000000ef880000,0x00000000f0b60010,0x00000000f1b80000)
  to   space 46080K, 0% used [0x00000000f6c00000,0x00000000f6c00000,0x00000000f9900000)
 ParOldGen       total 197632K, used 101789K [0x0000000081400000, 0x000000008d500000, 0x00000000d5c00000)
  object space 197632K, 51% used [0x0000000081400000,0x0000000087767658,0x000000008d500000)
 Metaspace       used 71259K, capacity 72182K, committed 72664K, reserved 1112064K
  class space    used 8874K, capacity 9102K, committed 9216K, reserved 1048576K
Event: 114.807 GC heap after
Heap after GC invocations=23 (full 3):
 PSYoungGen      total 515072K, used 18215K [0x00000000d5c00000, 0x00000000f8a00000, 0x0000000100000000)
  eden space 484352K, 0% used [0x00000000d5c00000,0x00000000d5c00000,0x00000000f3500000)
  from space 30720K, 59% used [0x00000000f6c00000,0x00000000f7dc9e40,0x00000000f8a00000)
  to   space 43520K, 0% used [0x00000000f3500000,0x00000000f3500000,0x00000000f5f80000)
 ParOldGen       total 197632K, used 101797K [0x0000000081400000, 0x000000008d500000, 0x00000000d5c00000)
  object space 197632K, 51% used [0x0000000081400000,0x0000000087769658,0x000000008d500000)
 Metaspace       used 71259K, capacity 72182K, committed 72664K, reserved 1112064K
  class space    used 8874K, capacity 9102K, committed 9216K, reserved 1048576K
}
Event: 115.226 GC heap before
{Heap before GC invocations=24 (full 3):
 PSYoungGen      total 515072K, used 262813K [0x00000000d5c00000, 0x00000000f8a00000, 0x0000000100000000)
  eden space 484352K, 50% used [0x00000000d5c00000,0x00000000e4add7a0,0x00000000f3500000)
  from space 30720K, 59% used [0x00000000f6c00000,0x00000000f7dc9e40,0x00000000f8a00000)
  to   space 43520K, 0% used [0x00000000f3500000,0x00000000f3500000,0x00000000f5f80000)
 ParOldGen       total 197632K, used 101797K [0x0000000081400000, 0x000000008d500000, 0x00000000d5c00000)
  object space 197632K, 51% used [0x0000000081400000,0x0000000087769658,0x000000008d500000)
 Metaspace       used 71356K, capacity 72328K, committed 72664K, reserved 1112064K
  class space    used 8887K, capacity 9106K, committed 9216K, reserved 1048576K
Event: 115.250 GC heap after
Heap after GC invocations=24 (full 3):
 PSYoungGen      total 501760K, used 16928K [0x00000000d5c00000, 0x00000000f8700000, 0x0000000100000000)
  eden space 484352K, 0% used [0x00000000d5c00000,0x00000000d5c00000,0x00000000f3500000)
  from space 17408K, 97% used [0x00000000f3500000,0x00000000f4588010,0x00000000f4600000)
  to   space 41984K, 0% used [0x00000000f5e00000,0x00000000f5e00000,0x00000000f8700000)
 ParOldGen       total 197632K, used 101805K [0x0000000081400000, 0x000000008d500000, 0x00000000d5c00000)
  object space 197632K, 51% used [0x0000000081400000,0x000000008776b658,0x000000008d500000)
 Metaspace       used 71356K, capacity 72328K, committed 72664K, reserved 1112064K
  class space    used 8887K, capacity 9106K, committed 9216K, reserved 1048576K
}
Event: 115.250 GC heap before
{Heap before GC invocations=25 (full 4):
 PSYoungGen      total 501760K, used 16928K [0x00000000d5c00000, 0x00000000f8700000, 0x0000000100000000)
  eden space 484352K, 0% used [0x00000000d5c00000,0x00000000d5c00000,0x00000000f3500000)
  from space 17408K, 97% used [0x00000000f3500000,0x00000000f4588010,0x00000000f4600000)
  to   space 41984K, 0% used [0x00000000f5e00000,0x00000000f5e00000,0x00000000f8700000)
 ParOldGen       total 197632K, used 101805K [0x0000000081400000, 0x000000008d500000, 0x00000000d5c00000)
  object space 197632K, 51% used [0x0000000081400000,0x000000008776b658,0x000000008d500000)
 Metaspace       used 71356K, capacity 72328K, committed 72664K, reserved 1112064K
  class space    used 8887K, capacity 9106K, committed 9216K, reserved 1048576K
Event: 115.939 GC heap after
Heap after GC invocations=25 (full 4):
 PSYoungGen      total 501760K, used 0K [0x00000000d5c00000, 0x00000000f8700000, 0x0000000100000000)
  eden space 484352K, 0% used [0x00000000d5c00000,0x00000000d5c00000,0x00000000f3500000)
  from space 17408K, 0% used [0x00000000f3500000,0x00000000f3500000,0x00000000f4600000)
  to   space 41984K, 0% used [0x00000000f5e00000,0x00000000f5e00000,0x00000000f8700000)
 ParOldGen       total 197632K, used 89507K [0x0000000081400000, 0x000000008d500000, 0x00000000d5c00000)
  object space 197632K, 45% used [0x0000000081400000,0x0000000086b68d00,0x000000008d500000)
 Metaspace       used 71356K, capacity 72328K, committed 72664K, reserved 1112064K
  class space    used 8887K, capacity 9106K, committed 9216K, reserved 1048576K
}
Event: 120.175 GC heap before
{Heap before GC invocations=26 (full 4):
 PSYoungGen      total 501760K, used 484352K [0x00000000d5c00000, 0x00000000f8700000, 0x0000000100000000)
  eden space 484352K, 100% used [0x00000000d5c00000,0x00000000f3500000,0x00000000f3500000)
  from space 17408K, 0% used [0x00000000f3500000,0x00000000f3500000,0x00000000f4600000)
  to   space 41984K, 0% used [0x00000000f5e00000,0x00000000f5e00000,0x00000000f8700000)
 ParOldGen       total 197632K, used 89507K [0x0000000081400000, 0x000000008d500000, 0x00000000d5c00000)
  object space 197632K, 45% used [0x0000000081400000,0x0000000086b68d00,0x000000008d500000)
 Metaspace       used 72915K, capacity 74022K, committed 74328K, reserved 1114112K
  class space    used 8986K, capacity 9227K, committed 9344K, reserved 1048576K
Event: 120.188 GC heap after
Heap after GC invocations=26 (full 4):
 PSYoungGen      total 527872K, used 14669K [0x00000000d5c00000, 0x00000000fc000000, 0x0000000100000000)
  eden space 485888K, 0% used [0x00000000d5c00000,0x00000000d5c00000,0x00000000f3680000)
  from space 41984K, 34% used [0x00000000f5e00000,0x00000000f6c537a8,0x00000000f8700000)
  to   space 40448K, 0% used [0x00000000f3680000,0x00000000f3680000,0x00000000f5e00000)
 ParOldGen       total 197632K, used 89515K [0x0000000081400000, 0x000000008d500000, 0x00000000d5c00000)
  object space 197632K, 45% used [0x0000000081400000,0x0000000086b6ad00,0x000000008d500000)
 Metaspace       used 72915K, capacity 74022K, committed 74328K, reserved 1114112K
  class space    used 8986K, capacity 9227K, committed 9344K, reserved 1048576K
}

