# JRE version: Java(TM) SE Runtime Environment (8.0_101-b13) (build 1.8.0_101-b13)
# Java VM: Java HotSpot(TM) 64-Bit Server VM (25.101-b13 mixed mode windows-amd64 compressed oops)
Heap:
 PSYoungGen      total 624128K, used 40595K [0x00000000d5c00000, 0x0000000100000000, 0x0000000100000000)
  eden space 556032K, 0% used [0x00000000d5c00000,0x00000000d5c00000,0x00000000f7b00000)
  from space 68096K, 59% used [0x00000000fbd80000,0x00000000fe524d30,0x0000000100000000)
  to   space 68096K, 0% used [0x00000000f7b00000,0x00000000f7b00000,0x00000000fbd80000)
 ParOldGen       total 205824K, used 90570K [0x0000000081400000, 0x000000008dd00000, 0x00000000d5c00000)
  object space 205824K, 44% used [0x0000000081400000,0x0000000086c72800,0x000000008dd00000)
 Metaspace       used 79336K, capacity 80644K, committed 81024K, reserved 1120256K
  class space    used 9704K, capacity 10011K, committed 10112K, reserved 1048576K
GC Heap History (10 events):
Event: 33.427 GC heap after
Heap after GC invocations=23 (full 3):
 PSYoungGen      total 628736K, used 41499K [0x00000000d5c00000, 0x0000000100000000, 0x0000000100000000)
  eden space 571392K, 0% used [0x00000000d5c00000,0x00000000d5c00000,0x00000000f8a00000)
  from space 57344K, 72% used [0x00000000fc800000,0x00000000ff086c90,0x0000000100000000)
  to   space 60416K, 0% used [0x00000000f8a00000,0x00000000f8a00000,0x00000000fc500000)
 ParOldGen       total 205824K, used 90518K [0x0000000081400000, 0x000000008dd00000, 0x00000000d5c00000)
  object space 205824K, 43% used [0x0000000081400000,0x0000000086c65bb0,0x000000008dd00000)
 Metaspace       used 71785K, capacity 72810K, committed 73088K, reserved 1114112K
  class space    used 8851K, capacity 9072K, committed 9088K, reserved 1048576K
}
Event: 34.880 GC heap before
{Heap before GC invocations=24 (full 3):
 PSYoungGen      total 628736K, used 612891K [0x00000000d5c00000, 0x0000000100000000, 0x0000000100000000)
  eden space 571392K, 100% used [0x00000000d5c00000,0x00000000f8a00000,0x00000000f8a00000)
  from space 57344K, 72% used [0x00000000fc800000,0x00000000ff086c90,0x0000000100000000)
  to   space 60416K, 0% used [0x00000000f8a00000,0x00000000f8a00000,0x00000000fc500000)
 ParOldGen       total 205824K, used 90518K [0x0000000081400000, 0x000000008dd00000, 0x00000000d5c00000)
  object space 205824K, 43% used [0x0000000081400000,0x0000000086c65bb0,0x000000008dd00000)
 Metaspace       used 71848K, capacity 72874K, committed 73344K, reserved 1114112K
  class space    used 8853K, capacity 9072K, committed 9088K, reserved 1048576K
Event: 34.907 GC heap after
Heap after GC invocations=24 (full 3):
 PSYoungGen      total 612864K, used 41363K [0x00000000d5c00000, 0x0000000100000000, 0x0000000100000000)
  eden space 571392K, 0% used [0x00000000d5c00000,0x00000000d5c00000,0x00000000f8a00000)
  from space 41472K, 99% used [0x00000000f8a00000,0x00000000fb264cc0,0x00000000fb280000)
  to   space 62976K, 0% used [0x00000000fc280000,0x00000000fc280000,0x0000000100000000)
 ParOldGen       total 205824K, used 90526K [0x0000000081400000, 0x000000008dd00000, 0x00000000d5c00000)
  object space 205824K, 43% used [0x0000000081400000,0x0000000086c67bb0,0x000000008dd00000)
 Metaspace       used 71848K, capacity 72874K, committed 73344K, reserved 1114112K
  class space    used 8853K, capacity 9072K, committed 9088K, reserved 1048576K
}
Event: 127.501 GC heap before
{Heap before GC invocations=25 (full 3):
 PSYoungGen      total 612864K, used 612755K [0x00000000d5c00000, 0x0000000100000000, 0x0000000100000000)
  eden space 571392K, 100% used [0x00000000d5c00000,0x00000000f8a00000,0x00000000f8a00000)
  from space 41472K, 99% used [0x00000000f8a00000,0x00000000fb264cc0,0x00000000fb280000)
  to   space 62976K, 0% used [0x00000000fc280000,0x00000000fc280000,0x0000000100000000)
 ParOldGen       total 205824K, used 90526K [0x0000000081400000, 0x000000008dd00000, 0x00000000d5c00000)
  object space 205824K, 43% used [0x0000000081400000,0x0000000086c67bb0,0x000000008dd00000)
 Metaspace       used 79044K, capacity 80296K, committed 80640K, reserved 1120256K
  class space    used 9672K, capacity 9964K, committed 9984K, reserved 1048576K
Event: 127.546 GC heap after
Heap after GC invocations=25 (full 3):
 PSYoungGen      total 622080K, used 47397K [0x00000000d5c00000, 0x0000000100000000, 0x0000000100000000)
  eden space 559104K, 0% used [0x00000000d5c00000,0x00000000d5c00000,0x00000000f7e00000)
  from space 62976K, 75% used [0x00000000fc280000,0x00000000ff0c9508,0x0000000100000000)
  to   space 66560K, 0% used [0x00000000f7e00000,0x00000000f7e00000,0x00000000fbf00000)
 ParOldGen       total 205824K, used 90534K [0x0000000081400000, 0x000000008dd00000, 0x00000000d5c00000)
  object space 205824K, 43% used [0x0000000081400000,0x0000000086c69bb0,0x000000008dd00000)
 Metaspace       used 79044K, capacity 80296K, committed 80640K, reserved 1120256K
  class space    used 9672K, capacity 9964K, committed 9984K, reserved 1048576K
}
Event: 491.335 GC heap before
{Heap before GC invocations=26 (full 3):
 PSYoungGen      total 622080K, used 606501K [0x00000000d5c00000, 0x0000000100000000, 0x0000000100000000)
  eden space 559104K, 100% used [0x00000000d5c00000,0x00000000f7e00000,0x00000000f7e00000)
  from space 62976K, 75% used [0x00000000fc280000,0x00000000ff0c9508,0x0000000100000000)
  to   space 66560K, 0% used [0x00000000f7e00000,0x00000000f7e00000,0x00000000fbf00000)
 ParOldGen       total 205824K, used 90534K [0x0000000081400000, 0x000000008dd00000, 0x00000000d5c00000)
  object space 205824K, 43% used [0x0000000081400000,0x0000000086c69bb0,0x000000008dd00000)
 Metaspace       used 79149K, capacity 80456K, committed 80768K, reserved 1120256K
  class space    used 9675K, capacity 9996K, committed 10112K, reserved 1048576K
Event: 491.363 GC heap after
Heap after GC invocations=26 (full 3):
 PSYoungGen      total 601600K, used 42411K [0x00000000d5c00000, 0x0000000100000000, 0x0000000100000000)
  eden space 559104K, 0% used [0x00000000d5c00000,0x00000000d5c00000,0x00000000f7e00000)
  from space 42496K, 99% used [0x00000000f7e00000,0x00000000fa76ad30,0x00000000fa780000)
  to   space 68096K, 0% used [0x00000000fbd80000,0x00000000fbd80000,0x0000000100000000)
 ParOldGen       total 205824K, used 90562K [0x0000000081400000, 0x000000008dd00000, 0x00000000d5c00000)
  object space 205824K, 43% used [0x0000000081400000,0x0000000086c70800,0x000000008dd00000)
 Metaspace       used 79149K, capacity 80456K, committed 80768K, reserved 1120256K
  class space    used 9675K, capacity 9996K, committed 10112K, reserved 1048576K
}
Event: 565.788 GC heap before
{Heap before GC invocations=27 (full 3):
 PSYoungGen      total 601600K, used 291108K [0x00000000d5c00000, 0x0000000100000000, 0x0000000100000000)
  eden space 559104K, 44% used [0x00000000d5c00000,0x00000000e4ede4a8,0x00000000f7e00000)
  from space 42496K, 99% used [0x00000000f7e00000,0x00000000fa76ad30,0x00000000fa780000)
  to   space 68096K, 0% used [0x00000000fbd80000,0x00000000fbd80000,0x0000000100000000)
 ParOldGen       total 205824K, used 90562K [0x0000000081400000, 0x000000008dd00000, 0x00000000d5c00000)
  object space 205824K, 43% used [0x0000000081400000,0x0000000086c70800,0x000000008dd00000)
 Metaspace       used 79336K, capacity 80644K, committed 81024K, reserved 1120256K
  class space    used 9704K, capacity 10011K, committed 10112K, reserved 1048576K
Event: 565.822 GC heap after
Heap after GC invocations=27 (full 3):
 PSYoungGen      total 624128K, used 40595K [0x00000000d5c00000, 0x0000000100000000, 0x0000000100000000)
  eden space 556032K, 0% used [0x00000000d5c00000,0x00000000d5c00000,0x00000000f7b00000)
  from space 68096K, 59% used [0x00000000fbd80000,0x00000000fe524d30,0x0000000100000000)
  to   space 68096K, 0% used [0x00000000f7b00000,0x00000000f7b00000,0x00000000fbd80000)
 ParOldGen       total 205824K, used 90570K [0x0000000081400000, 0x000000008dd00000, 0x00000000d5c00000)
  object space 205824K, 44% used [0x0000000081400000,0x0000000086c72800,0x000000008dd00000)
 Metaspace       used 79336K, capacity 80644K, committed 81024K, reserved 1120256K
  class space    used 9704K, capacity 10011K, committed 10112K, reserved 1048576K
}
Event: 565.822 GC heap before
{Heap before GC invocations=28 (full 4):
 PSYoungGen      total 624128K, used 40595K [0x00000000d5c00000, 0x0000000100000000, 0x0000000100000000)
  eden space 556032K, 0% used [0x00000000d5c00000,0x00000000d5c00000,0x00000000f7b00000)
  from space 68096K, 59% used [0x00000000fbd80000,0x00000000fe524d30,0x0000000100000000)
  to   space 68096K, 0% used [0x00000000f7b00000,0x00000000f7b00000,0x00000000fbd80000)
 ParOldGen       total 205824K, used 90570K [0x0000000081400000, 0x000000008dd00000, 0x00000000d5c00000)
  object space 205824K, 44% used [0x0000000081400000,0x0000000086c72800,0x000000008dd00000)
 Metaspace       used 79336K, capacity 80644K, committed 81024K, reserved 1120256K
  class space    used 9704K, capacity 10011K, committed 10112K, reserved 1048576K

