# JRE version: OpenJDK Runtime Environment (8.0_121-b13) (build 1.8.0_121-8u121-b13-0ubuntu1.16.04.2-b13)
# Java VM: OpenJDK 64-Bit Server VM (25.121-b13 mixed mode linux-amd64 compressed oops)
Heap:
 PSYoungGen      total 139264K, used 13312K [0x00000000d6d80000, 0x00000000e0380000, 0x0000000100000000)
  eden space 125952K, 0% used [0x00000000d6d80000,0x00000000d6d80000,0x00000000de880000)
  from space 13312K, 100% used [0x00000000de880000,0x00000000df580000,0x00000000df580000)
  to   space 12288K, 0% used [0x00000000df580000,0x00000000df580000,0x00000000e0180000)
 ParOldGen       total 84992K, used 15975K [0x0000000084800000, 0x0000000089b00000, 0x00000000d6d80000)
  object space 84992K, 18% used [0x0000000084800000,0x0000000085799f48,0x0000000089b00000)
 Metaspace       used 18596K, capacity 19036K, committed 19200K, reserved 1067008K
  class space    used 2124K, capacity 2262K, committed 2304K, reserved 1048576K
GC Heap History (10 events):
Event: 1,266 GC heap after
Heap after GC invocations=2 (full 0):
 PSYoungGen      total 36864K, used 5114K [0x00000000d6d80000, 0x00000000db580000, 0x0000000100000000)
  eden space 31744K, 0% used [0x00000000d6d80000,0x00000000d6d80000,0x00000000d8c80000)
  from space 5120K, 99% used [0x00000000d9180000,0x00000000d967ea98,0x00000000d9680000)
  to   space 5120K, 0% used [0x00000000d8c80000,0x00000000d8c80000,0x00000000d9180000)
 ParOldGen       total 84992K, used 1572K [0x0000000084800000, 0x0000000089b00000, 0x00000000d6d80000)
  object space 84992K, 1% used [0x0000000084800000,0x00000000849893e8,0x0000000089b00000)
 Metaspace       used 11360K, capacity 11560K, committed 11776K, reserved 1058816K
  class space    used 1399K, capacity 1508K, committed 1536K, reserved 1048576K
}
Event: 1,838 GC heap before
{Heap before GC invocations=3 (full 0):
 PSYoungGen      total 36864K, used 36858K [0x00000000d6d80000, 0x00000000db580000, 0x0000000100000000)
  eden space 31744K, 100% used [0x00000000d6d80000,0x00000000d8c80000,0x00000000d8c80000)
  from space 5120K, 99% used [0x00000000d9180000,0x00000000d967ea98,0x00000000d9680000)
  to   space 5120K, 0% used [0x00000000d8c80000,0x00000000d8c80000,0x00000000d9180000)
 ParOldGen       total 84992K, used 1572K [0x0000000084800000, 0x0000000089b00000, 0x00000000d6d80000)
  object space 84992K, 1% used [0x0000000084800000,0x00000000849893e8,0x0000000089b00000)
 Metaspace       used 14029K, capacity 14258K, committed 14464K, reserved 1062912K
  class space    used 1707K, capacity 1803K, committed 1920K, reserved 1048576K
Event: 1,844 GC heap after
Heap after GC invocations=3 (full 0):
 PSYoungGen      total 36864K, used 5097K [0x00000000d6d80000, 0x00000000db580000, 0x0000000100000000)
  eden space 31744K, 0% used [0x00000000d6d80000,0x00000000d6d80000,0x00000000d8c80000)
  from space 5120K, 99% used [0x00000000d8c80000,0x00000000d917a548,0x00000000d9180000)
  to   space 5120K, 0% used [0x00000000db080000,0x00000000db080000,0x00000000db580000)
 ParOldGen       total 84992K, used 1702K [0x0000000084800000, 0x0000000089b00000, 0x00000000d6d80000)
  object space 84992K, 2% used [0x0000000084800000,0x00000000849a9a48,0x0000000089b00000)
 Metaspace       used 14029K, capacity 14258K, committed 14464K, reserved 1062912K
  class space    used 1707K, capacity 1803K, committed 1920K, reserved 1048576K
}
Event: 2,333 GC heap before
{Heap before GC invocations=4 (full 0):
 PSYoungGen      total 36864K, used 36841K [0x00000000d6d80000, 0x00000000db580000, 0x0000000100000000)
  eden space 31744K, 100% used [0x00000000d6d80000,0x00000000d8c80000,0x00000000d8c80000)
  from space 5120K, 99% used [0x00000000d8c80000,0x00000000d917a548,0x00000000d9180000)
  to   space 5120K, 0% used [0x00000000db080000,0x00000000db080000,0x00000000db580000)
 ParOldGen       total 84992K, used 1702K [0x0000000084800000, 0x0000000089b00000, 0x00000000d6d80000)
  object space 84992K, 2% used [0x0000000084800000,0x00000000849a9a48,0x0000000089b00000)
 Metaspace       used 15761K, capacity 15956K, committed 16128K, reserved 1062912K
  class space    used 1873K, capacity 1973K, committed 2048K, reserved 1048576K
Event: 2,381 GC heap after
Heap after GC invocations=4 (full 0):
 PSYoungGen      total 68608K, used 5088K [0x00000000d6d80000, 0x00000000db580000, 0x0000000100000000)
  eden space 63488K, 0% used [0x00000000d6d80000,0x00000000d6d80000,0x00000000dab80000)
  from space 5120K, 99% used [0x00000000db080000,0x00000000db578020,0x00000000db580000)
  to   space 5120K, 0% used [0x00000000dab80000,0x00000000dab80000,0x00000000db080000)
 ParOldGen       total 84992K, used 5157K [0x0000000084800000, 0x0000000089b00000, 0x00000000d6d80000)
  object space 84992K, 6% used [0x0000000084800000,0x0000000084d09770,0x0000000089b00000)
 Metaspace       used 15761K, capacity 15956K, committed 16128K, reserved 1062912K
  class space    used 1873K, capacity 1973K, committed 2048K, reserved 1048576K
}
Event: 3,331 GC heap before
{Heap before GC invocations=5 (full 0):
 PSYoungGen      total 68608K, used 68576K [0x00000000d6d80000, 0x00000000db580000, 0x0000000100000000)
  eden space 63488K, 100% used [0x00000000d6d80000,0x00000000dab80000,0x00000000dab80000)
  from space 5120K, 99% used [0x00000000db080000,0x00000000db578020,0x00000000db580000)
  to   space 5120K, 0% used [0x00000000dab80000,0x00000000dab80000,0x00000000db080000)
 ParOldGen       total 84992K, used 5157K [0x0000000084800000, 0x0000000089b00000, 0x00000000d6d80000)
  object space 84992K, 6% used [0x0000000084800000,0x0000000084d09770,0x0000000089b00000)
 Metaspace       used 16586K, capacity 16848K, committed 17152K, reserved 1064960K
  class space    used 1923K, capacity 2013K, committed 2048K, reserved 1048576K
Event: 3,386 GC heap after
Heap after GC invocations=5 (full 0):
 PSYoungGen      total 68608K, used 5088K [0x00000000d6d80000, 0x00000000e0180000, 0x0000000100000000)
  eden space 63488K, 0% used [0x00000000d6d80000,0x00000000d6d80000,0x00000000dab80000)
  from space 5120K, 99% used [0x00000000dab80000,0x00000000db078020,0x00000000db080000)
  to   space 12288K, 0% used [0x00000000df580000,0x00000000df580000,0x00000000e0180000)
 ParOldGen       total 84992K, used 11420K [0x0000000084800000, 0x0000000089b00000, 0x00000000d6d80000)
  object space 84992K, 13% used [0x0000000084800000,0x0000000085327208,0x0000000089b00000)
 Metaspace       used 16586K, capacity 16848K, committed 17152K, reserved 1064960K
  class space    used 1923K, capacity 2013K, committed 2048K, reserved 1048576K
}
Event: 4,022 GC heap before
{Heap before GC invocations=6 (full 0):
 PSYoungGen      total 68608K, used 68576K [0x00000000d6d80000, 0x00000000e0180000, 0x0000000100000000)
  eden space 63488K, 100% used [0x00000000d6d80000,0x00000000dab80000,0x00000000dab80000)
  from space 5120K, 99% used [0x00000000dab80000,0x00000000db078020,0x00000000db080000)
  to   space 12288K, 0% used [0x00000000df580000,0x00000000df580000,0x00000000e0180000)
 ParOldGen       total 84992K, used 11420K [0x0000000084800000, 0x0000000089b00000, 0x00000000d6d80000)
  object space 84992K, 13% used [0x0000000084800000,0x0000000085327208,0x0000000089b00000)
 Metaspace       used 16965K, capacity 17204K, committed 17408K, reserved 1064960K
  class space    used 1928K, capacity 2019K, committed 2048K, reserved 1048576K
Event: 4,048 GC heap after
Heap after GC invocations=6 (full 0):
 PSYoungGen      total 138240K, used 10912K [0x00000000d6d80000, 0x00000000e0380000, 0x0000000100000000)
  eden space 125952K, 0% used [0x00000000d6d80000,0x00000000d6d80000,0x00000000de880000)
  from space 12288K, 88% used [0x00000000df580000,0x00000000e0028020,0x00000000e0180000)
  to   space 13312K, 0% used [0x00000000de880000,0x00000000de880000,0x00000000df580000)
 ParOldGen       total 84992K, used 11420K [0x0000000084800000, 0x0000000089b00000, 0x00000000d6d80000)
  object space 84992K, 13% used [0x0000000084800000,0x0000000085327208,0x0000000089b00000)
 Metaspace       used 16965K, capacity 17204K, committed 17408K, reserved 1064960K
  class space    used 1928K, capacity 2019K, committed 2048K, reserved 1048576K
}
Event: 9,549 GC heap before
{Heap before GC invocations=7 (full 0):
 PSYoungGen      total 138240K, used 136864K [0x00000000d6d80000, 0x00000000e0380000, 0x0000000100000000)
  eden space 125952K, 100% used [0x00000000d6d80000,0x00000000de880000,0x00000000de880000)
  from space 12288K, 88% used [0x00000000df580000,0x00000000e0028020,0x00000000e0180000)
  to   space 13312K, 0% used [0x00000000de880000,0x00000000de880000,0x00000000df580000)
 ParOldGen       total 84992K, used 11420K [0x0000000084800000, 0x0000000089b00000, 0x00000000d6d80000)
  object space 84992K, 13% used [0x0000000084800000,0x0000000085327208,0x0000000089b00000)
 Metaspace       used 18596K, capacity 19036K, committed 19200K, reserved 1067008K
  class space    used 2124K, capacity 2262K, committed 2304K, reserved 1048576K

