# JRE version: Java(TM) SE Runtime Environment (8.0_101-b13) (build 1.8.0_101-b13)
# Java VM: Java HotSpot(TM) 64-Bit Server VM (25.101-b13 mixed mode windows-amd64 compressed oops)
Heap:
 PSYoungGen      total 657408K, used 19504K [0x00000000d5c00000, 0x0000000100000000, 0x0000000100000000)
  eden space 622080K, 0% used [0x00000000d5c00000,0x00000000d5c00000,0x00000000fbb80000)
  from space 35328K, 55% used [0x00000000fdd80000,0x00000000ff08c060,0x0000000100000000)
  to   space 34816K, 0% used [0x00000000fbb80000,0x00000000fbb80000,0x00000000fdd80000)
 ParOldGen       total 190464K, used 102939K [0x0000000081400000, 0x000000008ce00000, 0x00000000d5c00000)
  object space 190464K, 54% used [0x0000000081400000,0x0000000087886d60,0x000000008ce00000)
 Metaspace       used 83084K, capacity 85642K, committed 85800K, reserved 1124352K
  class space    used 10005K, capacity 10470K, committed 10536K, reserved 1048576K
GC Heap History (10 events):
Event: 104.013 GC heap after
Heap after GC invocations=23 (full 3):
 PSYoungGen      total 654336K, used 17775K [0x00000000d5c00000, 0x00000000ffe80000, 0x0000000100000000)
  eden space 620032K, 0% used [0x00000000d5c00000,0x00000000d5c00000,0x00000000fb980000)
  from space 34304K, 51% used [0x00000000fdd00000,0x00000000fee5bee8,0x00000000ffe80000)
  to   space 35328K, 0% used [0x00000000fb980000,0x00000000fb980000,0x00000000fdc00000)
 ParOldGen       total 190464K, used 102876K [0x0000000081400000, 0x000000008ce00000, 0x00000000d5c00000)
  object space 190464K, 54% used [0x0000000081400000,0x0000000087877100,0x000000008ce00000)
 Metaspace       used 78366K, capacity 80074K, committed 80168K, reserved 1120256K
  class space    used 9643K, capacity 10007K, committed 10024K, reserved 1048576K
}
Event: 152.264 GC heap before
{Heap before GC invocations=24 (full 3):
 PSYoungGen      total 654336K, used 637807K [0x00000000d5c00000, 0x00000000ffe80000, 0x0000000100000000)
  eden space 620032K, 100% used [0x00000000d5c00000,0x00000000fb980000,0x00000000fb980000)
  from space 34304K, 51% used [0x00000000fdd00000,0x00000000fee5bee8,0x00000000ffe80000)
  to   space 35328K, 0% used [0x00000000fb980000,0x00000000fb980000,0x00000000fdc00000)
 ParOldGen       total 190464K, used 102876K [0x0000000081400000, 0x000000008ce00000, 0x00000000d5c00000)
  object space 190464K, 54% used [0x0000000081400000,0x0000000087877100,0x000000008ce00000)
 Metaspace       used 79852K, capacity 81716K, committed 81832K, reserved 1120256K
  class space    used 9714K, capacity 10070K, committed 10152K, reserved 1048576K
Event: 152.284 GC heap after
Heap after GC invocations=24 (full 3):
 PSYoungGen      total 655360K, used 16879K [0x00000000d5c00000, 0x00000000fff00000, 0x0000000100000000)
  eden space 620032K, 0% used [0x00000000d5c00000,0x00000000d5c00000,0x00000000fb980000)
  from space 35328K, 47% used [0x00000000fb980000,0x00000000fc9fbe38,0x00000000fdc00000)
  to   space 34304K, 0% used [0x00000000fdd80000,0x00000000fdd80000,0x00000000fff00000)
 ParOldGen       total 190464K, used 102892K [0x0000000081400000, 0x000000008ce00000, 0x00000000d5c00000)
  object space 190464K, 54% used [0x0000000081400000,0x000000008787b100,0x000000008ce00000)
 Metaspace       used 79852K, capacity 81716K, committed 81832K, reserved 1120256K
  class space    used 9714K, capacity 10070K, committed 10152K, reserved 1048576K
}
Event: 194.525 GC heap before
{Heap before GC invocations=25 (full 3):
 PSYoungGen      total 655360K, used 636911K [0x00000000d5c00000, 0x00000000fff00000, 0x0000000100000000)
  eden space 620032K, 100% used [0x00000000d5c00000,0x00000000fb980000,0x00000000fb980000)
  from space 35328K, 47% used [0x00000000fb980000,0x00000000fc9fbe38,0x00000000fdc00000)
  to   space 34304K, 0% used [0x00000000fdd80000,0x00000000fdd80000,0x00000000fff00000)
 ParOldGen       total 190464K, used 102892K [0x0000000081400000, 0x000000008ce00000, 0x00000000d5c00000)
  object space 190464K, 54% used [0x0000000081400000,0x000000008787b100,0x000000008ce00000)
 Metaspace       used 82318K, capacity 84884K, committed 85032K, reserved 1124352K
  class space    used 9966K, capacity 10438K, committed 10536K, reserved 1048576K
Event: 194.563 GC heap after
Heap after GC invocations=25 (full 3):
 PSYoungGen      total 656384K, used 21698K [0x00000000d5c00000, 0x0000000100000000, 0x0000000100000000)
  eden space 622080K, 0% used [0x00000000d5c00000,0x00000000d5c00000,0x00000000fbb80000)
  from space 34304K, 63% used [0x00000000fdd80000,0x00000000ff2b0840,0x00000000fff00000)
  to   space 34816K, 0% used [0x00000000fbb80000,0x00000000fbb80000,0x00000000fdd80000)
 ParOldGen       total 190464K, used 102900K [0x0000000081400000, 0x000000008ce00000, 0x00000000d5c00000)
  object space 190464K, 54% used [0x0000000081400000,0x000000008787d100,0x000000008ce00000)
 Metaspace       used 82318K, capacity 84884K, committed 85032K, reserved 1124352K
  class space    used 9966K, capacity 10438K, committed 10536K, reserved 1048576K
}
Event: 245.580 GC heap before
{Heap before GC invocations=26 (full 3):
 PSYoungGen      total 656384K, used 643778K [0x00000000d5c00000, 0x0000000100000000, 0x0000000100000000)
  eden space 622080K, 100% used [0x00000000d5c00000,0x00000000fbb80000,0x00000000fbb80000)
  from space 34304K, 63% used [0x00000000fdd80000,0x00000000ff2b0840,0x00000000fff00000)
  to   space 34816K, 0% used [0x00000000fbb80000,0x00000000fbb80000,0x00000000fdd80000)
 ParOldGen       total 190464K, used 102900K [0x0000000081400000, 0x000000008ce00000, 0x00000000d5c00000)
  object space 190464K, 54% used [0x0000000081400000,0x000000008787d100,0x000000008ce00000)
 Metaspace       used 82895K, capacity 85478K, committed 85800K, reserved 1124352K
  class space    used 9983K, capacity 10463K, committed 10536K, reserved 1048576K
Event: 245.597 GC heap after
Heap after GC invocations=26 (full 3):
 PSYoungGen      total 656896K, used 22336K [0x00000000d5c00000, 0x0000000100000000, 0x0000000100000000)
  eden space 622080K, 0% used [0x00000000d5c00000,0x00000000d5c00000,0x00000000fbb80000)
  from space 34816K, 64% used [0x00000000fbb80000,0x00000000fd150130,0x00000000fdd80000)
  to   space 35328K, 0% used [0x00000000fdd80000,0x00000000fdd80000,0x0000000100000000)
 ParOldGen       total 190464K, used 102931K [0x0000000081400000, 0x000000008ce00000, 0x00000000d5c00000)
  object space 190464K, 54% used [0x0000000081400000,0x0000000087884d60,0x000000008ce00000)
 Metaspace       used 82895K, capacity 85478K, committed 85800K, reserved 1124352K
  class space    used 9983K, capacity 10463K, committed 10536K, reserved 1048576K
}
Event: 659.369 GC heap before
{Heap before GC invocations=27 (full 3):
 PSYoungGen      total 656896K, used 422435K [0x00000000d5c00000, 0x0000000100000000, 0x0000000100000000)
  eden space 622080K, 64% used [0x00000000d5c00000,0x00000000ee2b8e60,0x00000000fbb80000)
  from space 34816K, 64% used [0x00000000fbb80000,0x00000000fd150130,0x00000000fdd80000)
  to   space 35328K, 0% used [0x00000000fdd80000,0x00000000fdd80000,0x0000000100000000)
 ParOldGen       total 190464K, used 102931K [0x0000000081400000, 0x000000008ce00000, 0x00000000d5c00000)
  object space 190464K, 54% used [0x0000000081400000,0x0000000087884d60,0x000000008ce00000)
 Metaspace       used 83084K, capacity 85642K, committed 85800K, reserved 1124352K
  class space    used 10005K, capacity 10470K, committed 10536K, reserved 1048576K
Event: 659.395 GC heap after
Heap after GC invocations=27 (full 3):
 PSYoungGen      total 657408K, used 19504K [0x00000000d5c00000, 0x0000000100000000, 0x0000000100000000)
  eden space 622080K, 0% used [0x00000000d5c00000,0x00000000d5c00000,0x00000000fbb80000)
  from space 35328K, 55% used [0x00000000fdd80000,0x00000000ff08c060,0x0000000100000000)
  to   space 34816K, 0% used [0x00000000fbb80000,0x00000000fbb80000,0x00000000fdd80000)
 ParOldGen       total 190464K, used 102939K [0x0000000081400000, 0x000000008ce00000, 0x00000000d5c00000)
  object space 190464K, 54% used [0x0000000081400000,0x0000000087886d60,0x000000008ce00000)
 Metaspace       used 83084K, capacity 85642K, committed 85800K, reserved 1124352K
  class space    used 10005K, capacity 10470K, committed 10536K, reserved 1048576K
}
Event: 659.395 GC heap before
{Heap before GC invocations=28 (full 4):
 PSYoungGen      total 657408K, used 19504K [0x00000000d5c00000, 0x0000000100000000, 0x0000000100000000)
  eden space 622080K, 0% used [0x00000000d5c00000,0x00000000d5c00000,0x00000000fbb80000)
  from space 35328K, 55% used [0x00000000fdd80000,0x00000000ff08c060,0x0000000100000000)
  to   space 34816K, 0% used [0x00000000fbb80000,0x00000000fbb80000,0x00000000fdd80000)
 ParOldGen       total 190464K, used 102939K [0x0000000081400000, 0x000000008ce00000, 0x00000000d5c00000)
  object space 190464K, 54% used [0x0000000081400000,0x0000000087886d60,0x000000008ce00000)
 Metaspace       used 83084K, capacity 85642K, committed 85800K, reserved 1124352K
  class space    used 10005K, capacity 10470K, committed 10536K, reserved 1048576K

