# JRE version: Java(TM) SE Runtime Environment (8.0_101-b13) (build 1.8.0_101-b13)
# Java VM: Java HotSpot(TM) 64-Bit Server VM (25.101-b13 mixed mode windows-amd64 compressed oops)
Heap:
 PSYoungGen      total 581120K, used 87913K [0x00000000d5c00000, 0x0000000100000000, 0x0000000100000000)
  eden space 564224K, 12% used [0x00000000d5c00000,0x00000000da15dc50,0x00000000f8300000)
  from space 16896K, 99% used [0x00000000fef80000,0x00000000ffffca60,0x0000000100000000)
  to   space 64000K, 0% used [0x00000000f8300000,0x00000000f8300000,0x00000000fc180000)
 ParOldGen       total 168448K, used 103131K [0x0000000081400000, 0x000000008b880000, 0x00000000d5c00000)
  object space 168448K, 61% used [0x0000000081400000,0x00000000878b6ff0,0x000000008b880000)
 Metaspace       used 26422K, capacity 26972K, committed 27264K, reserved 1073152K
  class space    used 2888K, capacity 3060K, committed 3200K, reserved 1048576K
GC Heap History (10 events):
Event: 5.726 GC heap before
{Heap before GC invocations=12 (full 0):
 PSYoungGen      total 441344K, used 45944K [0x00000000d5c00000, 0x0000000100000000, 0x0000000100000000)
  eden space 425472K, 10% used [0x00000000d5c00000,0x00000000d85962c8,0x00000000efb80000)
  from space 15872K, 21% used [0x00000000efb80000,0x00000000efec8000,0x00000000f0b00000)
  to   space 16384K, 0% used [0x00000000ff000000,0x00000000ff000000,0x0000000100000000)
 ParOldGen       total 87552K, used 33163K [0x0000000081400000, 0x0000000086980000, 0x00000000d5c00000)
  object space 87552K, 37% used [0x0000000081400000,0x0000000083462e00,0x0000000086980000)
 Metaspace       used 20679K, capacity 21134K, committed 21296K, reserved 1069056K
  class space    used 2490K, capacity 2627K, committed 2688K, reserved 1048576K
Event: 5.733 GC heap after
Heap after GC invocations=12 (full 0):
 PSYoungGen      total 674816K, used 2554K [0x00000000d5c00000, 0x0000000100000000, 0x0000000100000000)
  eden space 658432K, 0% used [0x00000000d5c00000,0x00000000d5c00000,0x00000000fdf00000)
  from space 16384K, 15% used [0x00000000ff000000,0x00000000ff27eae8,0x0000000100000000)
  to   space 16896K, 0% used [0x00000000fdf00000,0x00000000fdf00000,0x00000000fef80000)
 ParOldGen       total 87552K, used 35127K [0x0000000081400000, 0x0000000086980000, 0x00000000d5c00000)
  object space 87552K, 40% used [0x0000000081400000,0x000000008364de10,0x0000000086980000)
 Metaspace       used 20679K, capacity 21134K, committed 21296K, reserved 1069056K
  class space    used 2490K, capacity 2627K, committed 2688K, reserved 1048576K
}
Event: 5.733 GC heap before
{Heap before GC invocations=13 (full 1):
 PSYoungGen      total 674816K, used 2554K [0x00000000d5c00000, 0x0000000100000000, 0x0000000100000000)
  eden space 658432K, 0% used [0x00000000d5c00000,0x00000000d5c00000,0x00000000fdf00000)
  from space 16384K, 15% used [0x00000000ff000000,0x00000000ff27eae8,0x0000000100000000)
  to   space 16896K, 0% used [0x00000000fdf00000,0x00000000fdf00000,0x00000000fef80000)
 ParOldGen       total 87552K, used 35127K [0x0000000081400000, 0x0000000086980000, 0x00000000d5c00000)
  object space 87552K, 40% used [0x0000000081400000,0x000000008364de10,0x0000000086980000)
 Metaspace       used 20679K, capacity 21134K, committed 21296K, reserved 1069056K
  class space    used 2490K, capacity 2627K, committed 2688K, reserved 1048576K
Event: 5.852 GC heap after
Heap after GC invocations=13 (full 1):
 PSYoungGen      total 674816K, used 0K [0x00000000d5c00000, 0x0000000100000000, 0x0000000100000000)
  eden space 658432K, 0% used [0x00000000d5c00000,0x00000000d5c00000,0x00000000fdf00000)
  from space 16384K, 0% used [0x00000000ff000000,0x00000000ff000000,0x0000000100000000)
  to   space 16896K, 0% used [0x00000000fdf00000,0x00000000fdf00000,0x00000000fef80000)
 ParOldGen       total 84480K, used 27288K [0x0000000081400000, 0x0000000086680000, 0x00000000d5c00000)
  object space 84480K, 32% used [0x0000000081400000,0x0000000082ea6190,0x0000000086680000)
 Metaspace       used 20679K, capacity 21134K, committed 21296K, reserved 1069056K
  class space    used 2490K, capacity 2627K, committed 2688K, reserved 1048576K
}
Event: 10.174 GC heap before
{Heap before GC invocations=14 (full 1):
 PSYoungGen      total 674816K, used 658432K [0x00000000d5c00000, 0x0000000100000000, 0x0000000100000000)
  eden space 658432K, 100% used [0x00000000d5c00000,0x00000000fdf00000,0x00000000fdf00000)
  from space 16384K, 0% used [0x00000000ff000000,0x00000000ff000000,0x0000000100000000)
  to   space 16896K, 0% used [0x00000000fdf00000,0x00000000fdf00000,0x00000000fef80000)
 ParOldGen       total 84480K, used 27288K [0x0000000081400000, 0x0000000086680000, 0x00000000d5c00000)
  object space 84480K, 32% used [0x0000000081400000,0x0000000082ea6190,0x0000000086680000)
 Metaspace       used 25726K, capacity 26316K, committed 26496K, reserved 1073152K
  class space    used 2951K, capacity 3138K, committed 3200K, reserved 1048576K
Event: 10.281 GC heap after
Heap after GC invocations=14 (full 1):
 PSYoungGen      total 675328K, used 16880K [0x00000000d5c00000, 0x0000000100000000, 0x0000000100000000)
  eden space 658432K, 0% used [0x00000000d5c00000,0x00000000d5c00000,0x00000000fdf00000)
  from space 16896K, 99% used [0x00000000fdf00000,0x00000000fef7c010,0x00000000fef80000)
  to   space 16896K, 0% used [0x00000000fef80000,0x00000000fef80000,0x0000000100000000)
 ParOldGen       total 111104K, used 110756K [0x0000000081400000, 0x0000000088080000, 0x00000000d5c00000)
  object space 111104K, 99% used [0x0000000081400000,0x0000000088029268,0x0000000088080000)
 Metaspace       used 25726K, capacity 26316K, committed 26496K, reserved 1073152K
  class space    used 2951K, capacity 3138K, committed 3200K, reserved 1048576K
}
Event: 10.281 GC heap before
{Heap before GC invocations=15 (full 2):
 PSYoungGen      total 675328K, used 16880K [0x00000000d5c00000, 0x0000000100000000, 0x0000000100000000)
  eden space 658432K, 0% used [0x00000000d5c00000,0x00000000d5c00000,0x00000000fdf00000)
  from space 16896K, 99% used [0x00000000fdf00000,0x00000000fef7c010,0x00000000fef80000)
  to   space 16896K, 0% used [0x00000000fef80000,0x00000000fef80000,0x0000000100000000)
 ParOldGen       total 111104K, used 110756K [0x0000000081400000, 0x0000000088080000, 0x00000000d5c00000)
  object space 111104K, 99% used [0x0000000081400000,0x0000000088029268,0x0000000088080000)
 Metaspace       used 25726K, capacity 26316K, committed 26496K, reserved 1073152K
  class space    used 2951K, capacity 3138K, committed 3200K, reserved 1048576K
Event: 10.376 GC heap after
Heap after GC invocations=15 (full 2):
 PSYoungGen      total 675328K, used 0K [0x00000000d5c00000, 0x0000000100000000, 0x0000000100000000)
  eden space 658432K, 0% used [0x00000000d5c00000,0x00000000d5c00000,0x00000000fdf00000)
  from space 16896K, 0% used [0x00000000fdf00000,0x00000000fdf00000,0x00000000fef80000)
  to   space 16896K, 0% used [0x00000000fef80000,0x00000000fef80000,0x0000000100000000)
 ParOldGen       total 168448K, used 56644K [0x0000000081400000, 0x000000008b880000, 0x00000000d5c00000)
  object space 168448K, 33% used [0x0000000081400000,0x0000000084b511f0,0x000000008b880000)
 Metaspace       used 24309K, capacity 24828K, committed 26496K, reserved 1073152K
  class space    used 2747K, capacity 2900K, committed 3200K, reserved 1048576K
}
Event: 15.965 GC heap before
{Heap before GC invocations=16 (full 2):
 PSYoungGen      total 675328K, used 658432K [0x00000000d5c00000, 0x0000000100000000, 0x0000000100000000)
  eden space 658432K, 100% used [0x00000000d5c00000,0x00000000fdf00000,0x00000000fdf00000)
  from space 16896K, 0% used [0x00000000fdf00000,0x00000000fdf00000,0x00000000fef80000)
  to   space 16896K, 0% used [0x00000000fef80000,0x00000000fef80000,0x0000000100000000)
 ParOldGen       total 168448K, used 56644K [0x0000000081400000, 0x000000008b880000, 0x00000000d5c00000)
  object space 168448K, 33% used [0x0000000081400000,0x0000000084b511f0,0x000000008b880000)
 Metaspace       used 26412K, capacity 26908K, committed 27264K, reserved 1073152K
  class space    used 2888K, capacity 3060K, committed 3200K, reserved 1048576K
Event: 16.025 GC heap after
Heap after GC invocations=16 (full 2):
 PSYoungGen      total 581120K, used 16882K [0x00000000d5c00000, 0x0000000100000000, 0x0000000100000000)
  eden space 564224K, 0% used [0x00000000d5c00000,0x00000000d5c00000,0x00000000f8300000)
  from space 16896K, 99% used [0x00000000fef80000,0x00000000ffffca60,0x0000000100000000)
  to   space 64000K, 0% used [0x00000000f8300000,0x00000000f8300000,0x00000000fc180000)
 ParOldGen       total 168448K, used 103131K [0x0000000081400000, 0x000000008b880000, 0x00000000d5c00000)
  object space 168448K, 61% used [0x0000000081400000,0x00000000878b6ff0,0x000000008b880000)
 Metaspace       used 26412K, capacity 26908K, committed 27264K, reserved 1073152K
  class space    used 2888K, capacity 3060K, committed 3200K, reserved 1048576K
}

