# JRE version: Java(TM) SE Runtime Environment (8.0_101-b13) (build 1.8.0_101-b13)
# Java VM: Java HotSpot(TM) 64-Bit Server VM (25.101-b13 mixed mode windows-amd64 compressed oops)
Heap:
 PSYoungGen      total 550912K, used 23168K [0x00000000d5c00000, 0x00000000fb580000, 0x0000000100000000)
  eden space 527360K, 0% used [0x00000000d5c00000,0x00000000d5c00000,0x00000000f5f00000)
  from space 23552K, 98% used [0x00000000f7700000,0x00000000f8da0020,0x00000000f8e00000)
  to   space 40448K, 0% used [0x00000000f8e00000,0x00000000f8e00000,0x00000000fb580000)
 ParOldGen       total 191488K, used 79841K [0x0000000081400000, 0x000000008cf00000, 0x00000000d5c00000)
  object space 191488K, 41% used [0x0000000081400000,0x00000000861f85b8,0x000000008cf00000)
 Metaspace       used 70656K, capacity 71680K, committed 72192K, reserved 1112064K
  class space    used 8853K, capacity 9104K, committed 9216K, reserved 1048576K
GC Heap History (10 events):
Event: 345.189 GC heap after
Heap after GC invocations=22 (full 3):
 PSYoungGen      total 643584K, used 28368K [0x00000000d5c00000, 0x0000000100000000, 0x0000000100000000)
  eden space 600576K, 0% used [0x00000000d5c00000,0x00000000d5c00000,0x00000000fa680000)
  from space 43008K, 65% used [0x00000000fa680000,0x00000000fc234030,0x00000000fd080000)
  to   space 44032K, 0% used [0x00000000fd500000,0x00000000fd500000,0x0000000100000000)
 ParOldGen       total 191488K, used 79817K [0x0000000081400000, 0x000000008cf00000, 0x00000000d5c00000)
  object space 191488K, 41% used [0x0000000081400000,0x00000000861f25b8,0x000000008cf00000)
 Metaspace       used 70441K, capacity 71438K, committed 71808K, reserved 1112064K
  class space    used 8833K, capacity 9068K, committed 9088K, reserved 1048576K
}
Event: 981.345 GC heap before
{Heap before GC invocations=23 (full 3):
 PSYoungGen      total 643584K, used 628944K [0x00000000d5c00000, 0x0000000100000000, 0x0000000100000000)
  eden space 600576K, 100% used [0x00000000d5c00000,0x00000000fa680000,0x00000000fa680000)
  from space 43008K, 65% used [0x00000000fa680000,0x00000000fc234030,0x00000000fd080000)
  to   space 44032K, 0% used [0x00000000fd500000,0x00000000fd500000,0x0000000100000000)
 ParOldGen       total 191488K, used 79817K [0x0000000081400000, 0x000000008cf00000, 0x00000000d5c00000)
  object space 191488K, 41% used [0x0000000081400000,0x00000000861f25b8,0x000000008cf00000)
 Metaspace       used 70473K, capacity 71502K, committed 71808K, reserved 1112064K
  class space    used 8833K, capacity 9068K, committed 9088K, reserved 1048576K
Event: 981.365 GC heap after
Heap after GC invocations=23 (full 3):
 PSYoungGen      total 603648K, used 28320K [0x00000000d5c00000, 0x00000000ff100000, 0x0000000100000000)
  eden space 574976K, 0% used [0x00000000d5c00000,0x00000000d5c00000,0x00000000f8d80000)
  from space 28672K, 98% used [0x00000000fd500000,0x00000000ff0a8020,0x00000000ff100000)
  to   space 45056K, 0% used [0x00000000f9900000,0x00000000f9900000,0x00000000fc500000)
 ParOldGen       total 191488K, used 79817K [0x0000000081400000, 0x000000008cf00000, 0x00000000d5c00000)
  object space 191488K, 41% used [0x0000000081400000,0x00000000861f25b8,0x000000008cf00000)
 Metaspace       used 70473K, capacity 71502K, committed 71808K, reserved 1112064K
  class space    used 8833K, capacity 9068K, committed 9088K, reserved 1048576K
}
Event: 1701.657 GC heap before
{Heap before GC invocations=24 (full 3):
 PSYoungGen      total 603648K, used 603296K [0x00000000d5c00000, 0x00000000ff100000, 0x0000000100000000)
  eden space 574976K, 100% used [0x00000000d5c00000,0x00000000f8d80000,0x00000000f8d80000)
  from space 28672K, 98% used [0x00000000fd500000,0x00000000ff0a8020,0x00000000ff100000)
  to   space 45056K, 0% used [0x00000000f9900000,0x00000000f9900000,0x00000000fc500000)
 ParOldGen       total 191488K, used 79817K [0x0000000081400000, 0x000000008cf00000, 0x00000000d5c00000)
  object space 191488K, 41% used [0x0000000081400000,0x00000000861f25b8,0x000000008cf00000)
 Metaspace       used 70484K, capacity 71502K, committed 71808K, reserved 1112064K
  class space    used 8833K, capacity 9068K, committed 9088K, reserved 1048576K
Event: 1701.680 GC heap after
Heap after GC invocations=24 (full 3):
 PSYoungGen      total 579072K, used 28272K [0x00000000d5c00000, 0x00000000fd580000, 0x0000000100000000)
  eden space 550400K, 0% used [0x00000000d5c00000,0x00000000d5c00000,0x00000000f7580000)
  from space 28672K, 98% used [0x00000000f9900000,0x00000000fb49c030,0x00000000fb500000)
  to   space 33280K, 0% used [0x00000000fb500000,0x00000000fb500000,0x00000000fd580000)
 ParOldGen       total 191488K, used 79825K [0x0000000081400000, 0x000000008cf00000, 0x00000000d5c00000)
  object space 191488K, 41% used [0x0000000081400000,0x00000000861f45b8,0x000000008cf00000)
 Metaspace       used 70484K, capacity 71502K, committed 71808K, reserved 1112064K
  class space    used 8833K, capacity 9068K, committed 9088K, reserved 1048576K
}
Event: 2403.077 GC heap before
{Heap before GC invocations=25 (full 3):
 PSYoungGen      total 579072K, used 578672K [0x00000000d5c00000, 0x00000000fd580000, 0x0000000100000000)
  eden space 550400K, 100% used [0x00000000d5c00000,0x00000000f7580000,0x00000000f7580000)
  from space 28672K, 98% used [0x00000000f9900000,0x00000000fb49c030,0x00000000fb500000)
  to   space 33280K, 0% used [0x00000000fb500000,0x00000000fb500000,0x00000000fd580000)
 ParOldGen       total 191488K, used 79825K [0x0000000081400000, 0x000000008cf00000, 0x00000000d5c00000)
  object space 191488K, 41% used [0x0000000081400000,0x00000000861f45b8,0x000000008cf00000)
 Metaspace       used 70654K, capacity 71680K, committed 72192K, reserved 1112064K
  class space    used 8853K, capacity 9104K, committed 9216K, reserved 1048576K
Event: 2403.097 GC heap after
Heap after GC invocations=25 (full 3):
 PSYoungGen      total 552960K, used 25392K [0x00000000d5c00000, 0x00000000fce00000, 0x0000000100000000)
  eden space 527360K, 0% used [0x00000000d5c00000,0x00000000d5c00000,0x00000000f5f00000)
  from space 25600K, 99% used [0x00000000fb500000,0x00000000fcdcc030,0x00000000fce00000)
  to   space 44544K, 0% used [0x00000000f7700000,0x00000000f7700000,0x00000000fa280000)
 ParOldGen       total 191488K, used 79833K [0x0000000081400000, 0x000000008cf00000, 0x00000000d5c00000)
  object space 191488K, 41% used [0x0000000081400000,0x00000000861f65b8,0x000000008cf00000)
 Metaspace       used 70654K, capacity 71680K, committed 72192K, reserved 1112064K
  class space    used 8853K, capacity 9104K, committed 9216K, reserved 1048576K
}
Event: 2403.101 GC heap before
{Heap before GC invocations=26 (full 3):
 PSYoungGen      total 552960K, used 34509K [0x00000000d5c00000, 0x00000000fce00000, 0x0000000100000000)
  eden space 527360K, 1% used [0x00000000d5c00000,0x00000000d64e76f8,0x00000000f5f00000)
  from space 25600K, 99% used [0x00000000fb500000,0x00000000fcdcc030,0x00000000fce00000)
  to   space 44544K, 0% used [0x00000000f7700000,0x00000000f7700000,0x00000000fa280000)
 ParOldGen       total 191488K, used 79833K [0x0000000081400000, 0x000000008cf00000, 0x00000000d5c00000)
  object space 191488K, 41% used [0x0000000081400000,0x00000000861f65b8,0x000000008cf00000)
 Metaspace       used 70656K, capacity 71680K, committed 72192K, reserved 1112064K
  class space    used 8853K, capacity 9104K, committed 9216K, reserved 1048576K
Event: 2403.126 GC heap after
Heap after GC invocations=26 (full 3):
 PSYoungGen      total 550912K, used 23168K [0x00000000d5c00000, 0x00000000fb580000, 0x0000000100000000)
  eden space 527360K, 0% used [0x00000000d5c00000,0x00000000d5c00000,0x00000000f5f00000)
  from space 23552K, 98% used [0x00000000f7700000,0x00000000f8da0020,0x00000000f8e00000)
  to   space 40448K, 0% used [0x00000000f8e00000,0x00000000f8e00000,0x00000000fb580000)
 ParOldGen       total 191488K, used 79841K [0x0000000081400000, 0x000000008cf00000, 0x00000000d5c00000)
  object space 191488K, 41% used [0x0000000081400000,0x00000000861f85b8,0x000000008cf00000)
 Metaspace       used 70656K, capacity 71680K, committed 72192K, reserved 1112064K
  class space    used 8853K, capacity 9104K, committed 9216K, reserved 1048576K
}
Event: 2403.126 GC heap before
{Heap before GC invocations=27 (full 4):
 PSYoungGen      total 550912K, used 23168K [0x00000000d5c00000, 0x00000000fb580000, 0x0000000100000000)
  eden space 527360K, 0% used [0x00000000d5c00000,0x00000000d5c00000,0x00000000f5f00000)
  from space 23552K, 98% used [0x00000000f7700000,0x00000000f8da0020,0x00000000f8e00000)
  to   space 40448K, 0% used [0x00000000f8e00000,0x00000000f8e00000,0x00000000fb580000)
 ParOldGen       total 191488K, used 79841K [0x0000000081400000, 0x000000008cf00000, 0x00000000d5c00000)
  object space 191488K, 41% used [0x0000000081400000,0x00000000861f85b8,0x000000008cf00000)
 Metaspace       used 70656K, capacity 71680K, committed 72192K, reserved 1112064K
  class space    used 8853K, capacity 9104K, committed 9216K, reserved 1048576K

