# JRE version: Java(TM) SE Runtime Environment (8.0_101-b13) (build 1.8.0_101-b13)
# Java VM: Java HotSpot(TM) 64-Bit Server VM (25.101-b13 mixed mode windows-amd64 compressed oops)
Heap:
 PSYoungGen      total 48128K, used 192K [0x00000000d5c00000, 0x00000000dc480000, 0x0000000100000000)
  eden space 47616K, 0% used [0x00000000d5c00000,0x00000000d5c00000,0x00000000d8a80000)
  from space 512K, 37% used [0x00000000dc400000,0x00000000dc430000,0x00000000dc480000)
  to   space 512K, 0% used [0x00000000dc380000,0x00000000dc380000,0x00000000dc400000)
 ParOldGen       total 158720K, used 76068K [0x0000000081400000, 0x000000008af00000, 0x00000000d5c00000)
  object space 158720K, 47% used [0x0000000081400000,0x0000000085e49050,0x000000008af00000)
 Metaspace       used 68749K, capacity 70262K, committed 70528K, reserved 1112064K
  class space    used 8453K, capacity 8729K, committed 8832K, reserved 1048576K
GC Heap History (10 events):
Event: 47922.075 GC heap after
Heap after GC invocations=117 (full 5):
 PSYoungGen      total 49664K, used 96K [0x00000000d5c00000, 0x00000000dc480000, 0x0000000100000000)
  eden space 49152K, 0% used [0x00000000d5c00000,0x00000000d5c00000,0x00000000d8c00000)
  from space 512K, 18% used [0x00000000dc400000,0x00000000dc418000,0x00000000dc480000)
  to   space 512K, 0% used [0x00000000dc380000,0x00000000dc380000,0x00000000dc400000)
 ParOldGen       total 158720K, used 76060K [0x0000000081400000, 0x000000008af00000, 0x00000000d5c00000)
  object space 158720K, 47% used [0x0000000081400000,0x0000000085e47050,0x000000008af00000)
 Metaspace       used 68739K, capacity 70256K, committed 70528K, reserved 1112064K
  class space    used 8452K, capacity 8727K, committed 8832K, reserved 1048576K
}
Event: 48093.359 GC heap before
{Heap before GC invocations=118 (full 5):
 PSYoungGen      total 49664K, used 49248K [0x00000000d5c00000, 0x00000000dc480000, 0x0000000100000000)
  eden space 49152K, 100% used [0x00000000d5c00000,0x00000000d8c00000,0x00000000d8c00000)
  from space 512K, 18% used [0x00000000dc400000,0x00000000dc418000,0x00000000dc480000)
  to   space 512K, 0% used [0x00000000dc380000,0x00000000dc380000,0x00000000dc400000)
 ParOldGen       total 158720K, used 76060K [0x0000000081400000, 0x000000008af00000, 0x00000000d5c00000)
  object space 158720K, 47% used [0x0000000081400000,0x0000000085e47050,0x000000008af00000)
 Metaspace       used 68739K, capacity 70256K, committed 70528K, reserved 1112064K
  class space    used 8452K, capacity 8727K, committed 8832K, reserved 1048576K
Event: 48093.363 GC heap after
Heap after GC invocations=118 (full 5):
 PSYoungGen      total 49152K, used 96K [0x00000000d5c00000, 0x00000000dc480000, 0x0000000100000000)
  eden space 48640K, 0% used [0x00000000d5c00000,0x00000000d5c00000,0x00000000d8b80000)
  from space 512K, 18% used [0x00000000dc380000,0x00000000dc398000,0x00000000dc400000)
  to   space 512K, 0% used [0x00000000dc400000,0x00000000dc400000,0x00000000dc480000)
 ParOldGen       total 158720K, used 76060K [0x0000000081400000, 0x000000008af00000, 0x00000000d5c00000)
  object space 158720K, 47% used [0x0000000081400000,0x0000000085e47050,0x000000008af00000)
 Metaspace       used 68739K, capacity 70256K, committed 70528K, reserved 1112064K
  class space    used 8452K, capacity 8727K, committed 8832K, reserved 1048576K
}
Event: 48263.326 GC heap before
{Heap before GC invocations=119 (full 5):
 PSYoungGen      total 49152K, used 48736K [0x00000000d5c00000, 0x00000000dc480000, 0x0000000100000000)
  eden space 48640K, 100% used [0x00000000d5c00000,0x00000000d8b80000,0x00000000d8b80000)
  from space 512K, 18% used [0x00000000dc380000,0x00000000dc398000,0x00000000dc400000)
  to   space 512K, 0% used [0x00000000dc400000,0x00000000dc400000,0x00000000dc480000)
 ParOldGen       total 158720K, used 76060K [0x0000000081400000, 0x000000008af00000, 0x00000000d5c00000)
  object space 158720K, 47% used [0x0000000081400000,0x0000000085e47050,0x000000008af00000)
 Metaspace       used 68739K, capacity 70256K, committed 70528K, reserved 1112064K
  class space    used 8452K, capacity 8727K, committed 8832K, reserved 1048576K
Event: 48263.328 GC heap after
Heap after GC invocations=119 (full 5):
 PSYoungGen      total 48640K, used 96K [0x00000000d5c00000, 0x00000000dc480000, 0x0000000100000000)
  eden space 48128K, 0% used [0x00000000d5c00000,0x00000000d5c00000,0x00000000d8b00000)
  from space 512K, 18% used [0x00000000dc400000,0x00000000dc418000,0x00000000dc480000)
  to   space 512K, 0% used [0x00000000dc380000,0x00000000dc380000,0x00000000dc400000)
 ParOldGen       total 158720K, used 76060K [0x0000000081400000, 0x000000008af00000, 0x00000000d5c00000)
  object space 158720K, 47% used [0x0000000081400000,0x0000000085e47050,0x000000008af00000)
 Metaspace       used 68739K, capacity 70256K, committed 70528K, reserved 1112064K
  class space    used 8452K, capacity 8727K, committed 8832K, reserved 1048576K
}
Event: 48431.985 GC heap before
{Heap before GC invocations=120 (full 5):
 PSYoungGen      total 48640K, used 48224K [0x00000000d5c00000, 0x00000000dc480000, 0x0000000100000000)
  eden space 48128K, 100% used [0x00000000d5c00000,0x00000000d8b00000,0x00000000d8b00000)
  from space 512K, 18% used [0x00000000dc400000,0x00000000dc418000,0x00000000dc480000)
  to   space 512K, 0% used [0x00000000dc380000,0x00000000dc380000,0x00000000dc400000)
 ParOldGen       total 158720K, used 76060K [0x0000000081400000, 0x000000008af00000, 0x00000000d5c00000)
  object space 158720K, 47% used [0x0000000081400000,0x0000000085e47050,0x000000008af00000)
 Metaspace       used 68739K, capacity 70256K, committed 70528K, reserved 1112064K
  class space    used 8452K, capacity 8727K, committed 8832K, reserved 1048576K
Event: 48431.988 GC heap after
Heap after GC invocations=120 (full 5):
 PSYoungGen      total 48128K, used 96K [0x00000000d5c00000, 0x00000000dc480000, 0x0000000100000000)
  eden space 47616K, 0% used [0x00000000d5c00000,0x00000000d5c00000,0x00000000d8a80000)
  from space 512K, 18% used [0x00000000dc380000,0x00000000dc398000,0x00000000dc400000)
  to   space 512K, 0% used [0x00000000dc400000,0x00000000dc400000,0x00000000dc480000)
 ParOldGen       total 158720K, used 76060K [0x0000000081400000, 0x000000008af00000, 0x00000000d5c00000)
  object space 158720K, 47% used [0x0000000081400000,0x0000000085e47050,0x000000008af00000)
 Metaspace       used 68739K, capacity 70256K, committed 70528K, reserved 1112064K
  class space    used 8452K, capacity 8727K, committed 8832K, reserved 1048576K
}
Event: 48512.927 GC heap before
{Heap before GC invocations=121 (full 5):
 PSYoungGen      total 48128K, used 27135K [0x00000000d5c00000, 0x00000000dc480000, 0x0000000100000000)
  eden space 47616K, 56% used [0x00000000d5c00000,0x00000000d7667cb8,0x00000000d8a80000)
  from space 512K, 18% used [0x00000000dc380000,0x00000000dc398000,0x00000000dc400000)
  to   space 512K, 0% used [0x00000000dc400000,0x00000000dc400000,0x00000000dc480000)
 ParOldGen       total 158720K, used 76060K [0x0000000081400000, 0x000000008af00000, 0x00000000d5c00000)
  object space 158720K, 47% used [0x0000000081400000,0x0000000085e47050,0x000000008af00000)
 Metaspace       used 68749K, capacity 70262K, committed 70528K, reserved 1112064K
  class space    used 8453K, capacity 8729K, committed 8832K, reserved 1048576K
Event: 48512.929 GC heap after
Heap after GC invocations=121 (full 5):
 PSYoungGen      total 48128K, used 192K [0x00000000d5c00000, 0x00000000dc480000, 0x0000000100000000)
  eden space 47616K, 0% used [0x00000000d5c00000,0x00000000d5c00000,0x00000000d8a80000)
  from space 512K, 37% used [0x00000000dc400000,0x00000000dc430000,0x00000000dc480000)
  to   space 512K, 0% used [0x00000000dc380000,0x00000000dc380000,0x00000000dc400000)
 ParOldGen       total 158720K, used 76068K [0x0000000081400000, 0x000000008af00000, 0x00000000d5c00000)
  object space 158720K, 47% used [0x0000000081400000,0x0000000085e49050,0x000000008af00000)
 Metaspace       used 68749K, capacity 70262K, committed 70528K, reserved 1112064K
  class space    used 8453K, capacity 8729K, committed 8832K, reserved 1048576K
}
Event: 48512.929 GC heap before
{Heap before GC invocations=122 (full 6):
 PSYoungGen      total 48128K, used 192K [0x00000000d5c00000, 0x00000000dc480000, 0x0000000100000000)
  eden space 47616K, 0% used [0x00000000d5c00000,0x00000000d5c00000,0x00000000d8a80000)
  from space 512K, 37% used [0x00000000dc400000,0x00000000dc430000,0x00000000dc480000)
  to   space 512K, 0% used [0x00000000dc380000,0x00000000dc380000,0x00000000dc400000)
 ParOldGen       total 158720K, used 76068K [0x0000000081400000, 0x000000008af00000, 0x00000000d5c00000)
  object space 158720K, 47% used [0x0000000081400000,0x0000000085e49050,0x000000008af00000)
 Metaspace       used 68749K, capacity 70262K, committed 70528K, reserved 1112064K
  class space    used 8453K, capacity 8729K, committed 8832K, reserved 1048576K

